{"C:\\Users\\HP\\OneDrive\\Desktop\\Dri_zzle\\src\\payment\\payment.controller.ts": {"path":"C:\\Users\\HP\\OneDrive\\Desktop\\Dri_zzle\\src\\payment\\payment.controller.ts","statementMap":{"0":{"start":{"line":2,"column":0},"end":{"line":2,"column":147}},"1":{"start":{"line":6,"column":39},"end":{"line":21,"column":null}},"2":{"start":{"line":6,"column":77},"end":{"line":21,"column":null}},"3":{"start":{"line":7,"column":4},"end":{"line":20,"column":5}},"4":{"start":{"line":8,"column":24},"end":{"line":8,"column":32}},"5":{"start":{"line":9,"column":27},"end":{"line":9,"column":62}},"6":{"start":{"line":10,"column":8},"end":{"line":17,"column":9}},"7":{"start":{"line":11,"column":12},"end":{"line":13,"column":15}},"8":{"start":{"line":15,"column":12},"end":{"line":16,"column":54}},"9":{"start":{"line":19,"column":8},"end":{"line":19,"column":61}},"10":{"start":{"line":6,"column":13},"end":{"line":6,"column":39}},"11":{"start":{"line":24,"column":36},"end":{"line":31,"column":null}},"12":{"start":{"line":24,"column":74},"end":{"line":31,"column":null}},"13":{"start":{"line":25,"column":4},"end":{"line":30,"column":5}},"14":{"start":{"line":26,"column":24},"end":{"line":26,"column":49}},"15":{"start":{"line":27,"column":8},"end":{"line":27,"column":38}},"16":{"start":{"line":29,"column":8},"end":{"line":29,"column":62}},"17":{"start":{"line":24,"column":13},"end":{"line":24,"column":36}},"18":{"start":{"line":34,"column":40},"end":{"line":48,"column":null}},"19":{"start":{"line":34,"column":78},"end":{"line":48,"column":null}},"20":{"start":{"line":35,"column":4},"end":{"line":47,"column":5}},"21":{"start":{"line":36,"column":26},"end":{"line":36,"column":56}},"22":{"start":{"line":37,"column":8},"end":{"line":39,"column":9}},"23":{"start":{"line":38,"column":12},"end":{"line":38,"column":73}},"24":{"start":{"line":40,"column":24},"end":{"line":40,"column":62}},"25":{"start":{"line":41,"column":8},"end":{"line":43,"column":9}},"26":{"start":{"line":42,"column":12},"end":{"line":42,"column":49}},"27":{"start":{"line":44,"column":8},"end":{"line":44,"column":68}},"28":{"start":{"line":46,"column":8},"end":{"line":46,"column":62}},"29":{"start":{"line":34,"column":13},"end":{"line":34,"column":40}},"30":{"start":{"line":51,"column":39},"end":{"line":63,"column":null}},"31":{"start":{"line":51,"column":77},"end":{"line":63,"column":null}},"32":{"start":{"line":52,"column":4},"end":{"line":62,"column":5}},"33":{"start":{"line":53,"column":26},"end":{"line":53,"column":56}},"34":{"start":{"line":54,"column":8},"end":{"line":56,"column":9}},"35":{"start":{"line":55,"column":12},"end":{"line":55,"column":73}},"36":{"start":{"line":57,"column":24},"end":{"line":57,"column":32}},"37":{"start":{"line":58,"column":8},"end":{"line":58,"column":59}},"38":{"start":{"line":59,"column":8},"end":{"line":59,"column":81}},"39":{"start":{"line":61,"column":8},"end":{"line":61,"column":62}},"40":{"start":{"line":51,"column":13},"end":{"line":51,"column":39}},"41":{"start":{"line":66,"column":39},"end":{"line":84,"column":null}},"42":{"start":{"line":66,"column":77},"end":{"line":84,"column":null}},"43":{"start":{"line":67,"column":4},"end":{"line":83,"column":5}},"44":{"start":{"line":68,"column":26},"end":{"line":68,"column":56}},"45":{"start":{"line":69,"column":8},"end":{"line":71,"column":9}},"46":{"start":{"line":70,"column":12},"end":{"line":70,"column":73}},"47":{"start":{"line":73,"column":32},"end":{"line":73,"column":70}},"48":{"start":{"line":74,"column":8},"end":{"line":76,"column":9}},"49":{"start":{"line":75,"column":12},"end":{"line":75,"column":72}},"50":{"start":{"line":77,"column":24},"end":{"line":77,"column":61}},"51":{"start":{"line":78,"column":8},"end":{"line":80,"column":9}},"52":{"start":{"line":79,"column":12},"end":{"line":79,"column":83}},"53":{"start":{"line":82,"column":8},"end":{"line":82,"column":60}},"54":{"start":{"line":66,"column":13},"end":{"line":66,"column":39}}},"fnMap":{"0":{"name":"(anonymous_7)","decl":{"start":{"line":6,"column":39},"end":{"line":6,"column":46}},"loc":{"start":{"line":6,"column":77},"end":{"line":21,"column":null}}},"1":{"name":"(anonymous_8)","decl":{"start":{"line":6,"column":77},"end":{"line":6,"column":null}},"loc":{"start":{"line":6,"column":77},"end":{"line":21,"column":1}}},"2":{"name":"(anonymous_9)","decl":{"start":{"line":24,"column":36},"end":{"line":24,"column":43}},"loc":{"start":{"line":24,"column":74},"end":{"line":31,"column":null}}},"3":{"name":"(anonymous_10)","decl":{"start":{"line":24,"column":74},"end":{"line":24,"column":null}},"loc":{"start":{"line":24,"column":74},"end":{"line":31,"column":1}}},"4":{"name":"(anonymous_11)","decl":{"start":{"line":34,"column":40},"end":{"line":34,"column":47}},"loc":{"start":{"line":34,"column":78},"end":{"line":48,"column":null}}},"5":{"name":"(anonymous_12)","decl":{"start":{"line":34,"column":78},"end":{"line":34,"column":null}},"loc":{"start":{"line":34,"column":78},"end":{"line":48,"column":1}}},"6":{"name":"(anonymous_13)","decl":{"start":{"line":51,"column":39},"end":{"line":51,"column":46}},"loc":{"start":{"line":51,"column":77},"end":{"line":63,"column":null}}},"7":{"name":"(anonymous_14)","decl":{"start":{"line":51,"column":77},"end":{"line":51,"column":null}},"loc":{"start":{"line":51,"column":77},"end":{"line":63,"column":1}}},"8":{"name":"(anonymous_15)","decl":{"start":{"line":66,"column":39},"end":{"line":66,"column":46}},"loc":{"start":{"line":66,"column":77},"end":{"line":84,"column":null}}},"9":{"name":"(anonymous_16)","decl":{"start":{"line":66,"column":77},"end":{"line":66,"column":null}},"loc":{"start":{"line":66,"column":77},"end":{"line":84,"column":1}}}},"branchMap":{"0":{"loc":{"start":{"line":10,"column":8},"end":{"line":17,"column":9}},"type":"if","locations":[{"start":{"line":10,"column":8},"end":{"line":17,"column":9}},{"start":{"line":14,"column":15},"end":{"line":17,"column":9}}]},"1":{"loc":{"start":{"line":37,"column":8},"end":{"line":39,"column":9}},"type":"if","locations":[{"start":{"line":37,"column":8},"end":{"line":39,"column":9}}]},"2":{"loc":{"start":{"line":41,"column":8},"end":{"line":43,"column":9}},"type":"if","locations":[{"start":{"line":41,"column":8},"end":{"line":43,"column":9}}]},"3":{"loc":{"start":{"line":54,"column":8},"end":{"line":56,"column":9}},"type":"if","locations":[{"start":{"line":54,"column":8},"end":{"line":56,"column":9}}]},"4":{"loc":{"start":{"line":69,"column":8},"end":{"line":71,"column":9}},"type":"if","locations":[{"start":{"line":69,"column":8},"end":{"line":71,"column":9}}]},"5":{"loc":{"start":{"line":74,"column":8},"end":{"line":76,"column":9}},"type":"if","locations":[{"start":{"line":74,"column":8},"end":{"line":76,"column":9}}]},"6":{"loc":{"start":{"line":78,"column":8},"end":{"line":80,"column":9}},"type":"if","locations":[{"start":{"line":78,"column":8},"end":{"line":80,"column":9}}]}},"s":{"0":1,"1":1,"2":3,"3":3,"4":3,"5":3,"6":2,"7":1,"8":1,"9":1,"10":1,"11":1,"12":2,"13":2,"14":2,"15":1,"16":1,"17":1,"18":1,"19":4,"20":4,"21":4,"22":4,"23":1,"24":3,"25":2,"26":1,"27":1,"28":1,"29":1,"30":1,"31":3,"32":3,"33":3,"34":3,"35":1,"36":2,"37":2,"38":1,"39":1,"40":1,"41":1,"42":4,"43":4,"44":4,"45":4,"46":1,"47":3,"48":2,"49":1,"50":1,"51":1,"52":1,"53":1,"54":1},"f":{"0":3,"1":3,"2":2,"3":2,"4":4,"5":4,"6":3,"7":3,"8":4,"9":4},"b":{"0":[1,1],"1":[1],"2":[1],"3":[1],"4":[1],"5":[1],"6":[1]}}
,"C:\\Users\\HP\\OneDrive\\Desktop\\Dri_zzle\\src\\payment\\payment.service.ts": {"path":"C:\\Users\\HP\\OneDrive\\Desktop\\Dri_zzle\\src\\payment\\payment.service.ts","statementMap":{"0":{"start":{"line":1,"column":0},"end":{"line":1,"column":33}},"1":{"start":{"line":2,"column":0},"end":{"line":2,"column":60}},"2":{"start":{"line":3,"column":0},"end":{"line":3,"column":31}},"3":{"start":{"line":7,"column":36},"end":{"line":13,"column":null}},"4":{"start":{"line":7,"column":65},"end":{"line":13,"column":null}},"5":{"start":{"line":8,"column":23},"end":{"line":8,"column":80}},"6":{"start":{"line":9,"column":4},"end":{"line":11,"column":5}},"7":{"start":{"line":10,"column":8},"end":{"line":10,"column":24}},"8":{"start":{"line":12,"column":4},"end":{"line":12,"column":16}},"9":{"start":{"line":7,"column":13},"end":{"line":7,"column":36}},"10":{"start":{"line":16,"column":33},"end":{"line":19,"column":null}},"11":{"start":{"line":16,"column":44},"end":{"line":19,"column":null}},"12":{"start":{"line":17,"column":20},"end":{"line":17,"column":58}},"13":{"start":{"line":18,"column":4},"end":{"line":18,"column":19}},"14":{"start":{"line":16,"column":13},"end":{"line":16,"column":33}},"15":{"start":{"line":22,"column":37},"end":{"line":27,"column":null}},"16":{"start":{"line":22,"column":65},"end":{"line":27,"column":null}},"17":{"start":{"line":23,"column":20},"end":{"line":25,"column":6}},"18":{"start":{"line":26,"column":4},"end":{"line":26,"column":19}},"19":{"start":{"line":22,"column":13},"end":{"line":22,"column":37}},"20":{"start":{"line":30,"column":40},"end":{"line":33,"column":null}},"21":{"start":{"line":30,"column":88},"end":{"line":33,"column":null}},"22":{"start":{"line":31,"column":4},"end":{"line":31,"column":null}},"23":{"start":{"line":32,"column":4},"end":{"line":32,"column":42}},"24":{"start":{"line":30,"column":13},"end":{"line":30,"column":40}},"25":{"start":{"line":36,"column":36},"end":{"line":40,"column":null}},"26":{"start":{"line":36,"column":64},"end":{"line":40,"column":null}},"27":{"start":{"line":37,"column":4},"end":{"line":37,"column":79}},"28":{"start":{"line":38,"column":4},"end":{"line":38,"column":42}},"29":{"start":{"line":36,"column":13},"end":{"line":36,"column":36}}},"fnMap":{"0":{"name":"(anonymous_8)","decl":{"start":{"line":7,"column":36},"end":{"line":7,"column":43}},"loc":{"start":{"line":7,"column":65},"end":{"line":13,"column":null}}},"1":{"name":"(anonymous_9)","decl":{"start":{"line":7,"column":65},"end":{"line":7,"column":null}},"loc":{"start":{"line":7,"column":65},"end":{"line":13,"column":1}}},"2":{"name":"(anonymous_10)","decl":{"start":{"line":16,"column":33},"end":{"line":16,"column":42}},"loc":{"start":{"line":16,"column":44},"end":{"line":19,"column":null}}},"3":{"name":"(anonymous_11)","decl":{"start":{"line":16,"column":44},"end":{"line":16,"column":null}},"loc":{"start":{"line":16,"column":44},"end":{"line":19,"column":1}}},"4":{"name":"(anonymous_12)","decl":{"start":{"line":22,"column":37},"end":{"line":22,"column":44}},"loc":{"start":{"line":22,"column":65},"end":{"line":27,"column":null}}},"5":{"name":"(anonymous_13)","decl":{"start":{"line":22,"column":65},"end":{"line":22,"column":null}},"loc":{"start":{"line":22,"column":65},"end":{"line":27,"column":1}}},"6":{"name":"(anonymous_14)","decl":{"start":{"line":30,"column":40},"end":{"line":30,"column":47}},"loc":{"start":{"line":30,"column":88},"end":{"line":33,"column":null}}},"7":{"name":"(anonymous_15)","decl":{"start":{"line":30,"column":88},"end":{"line":30,"column":null}},"loc":{"start":{"line":30,"column":88},"end":{"line":33,"column":1}}},"8":{"name":"(anonymous_16)","decl":{"start":{"line":36,"column":36},"end":{"line":36,"column":43}},"loc":{"start":{"line":36,"column":64},"end":{"line":40,"column":null}}},"9":{"name":"(anonymous_17)","decl":{"start":{"line":36,"column":64},"end":{"line":36,"column":null}},"loc":{"start":{"line":36,"column":64},"end":{"line":40,"column":1}}}},"branchMap":{"0":{"loc":{"start":{"line":9,"column":4},"end":{"line":11,"column":5}},"type":"if","locations":[{"start":{"line":9,"column":4},"end":{"line":11,"column":5}}]}},"s":{"0":1,"1":1,"2":1,"3":1,"4":0,"5":0,"6":0,"7":0,"8":0,"9":1,"10":1,"11":0,"12":0,"13":0,"14":1,"15":1,"16":0,"17":0,"18":0,"19":1,"20":1,"21":0,"22":0,"23":0,"24":1,"25":1,"26":0,"27":0,"28":0,"29":1},"f":{"0":0,"1":0,"2":0,"3":0,"4":0,"5":0,"6":0,"7":0,"8":0,"9":0},"b":{"0":[0]}}
}
