{"C:\\Users\\HP\\OneDrive\\Desktop\\Dri_zzle\\src\\auth\\auth.controller.ts": {"path":"C:\\Users\\HP\\OneDrive\\Desktop\\Dri_zzle\\src\\auth\\auth.controller.ts","statementMap":{"0":{"start":{"line":2,"column":0},"end":{"line":2,"column":108}},"1":{"start":{"line":5,"column":38},"end":{"line":16,"column":null}},"2":{"start":{"line":5,"column":76},"end":{"line":16,"column":null}},"3":{"start":{"line":6,"column":4},"end":{"line":15,"column":5}},"4":{"start":{"line":7,"column":30},"end":{"line":7,"column":63}},"5":{"start":{"line":8,"column":8},"end":{"line":12,"column":11}},"6":{"start":{"line":14,"column":8},"end":{"line":14,"column":62}},"7":{"start":{"line":5,"column":13},"end":{"line":5,"column":38}},"8":{"start":{"line":19,"column":37},"end":{"line":42,"column":2}},"9":{"start":{"line":19,"column":75},"end":{"line":42,"column":2}},"10":{"start":{"line":20,"column":4},"end":{"line":41,"column":5}},"11":{"start":{"line":21,"column":26},"end":{"line":21,"column":34}},"12":{"start":{"line":23,"column":8},"end":{"line":25,"column":9}},"13":{"start":{"line":24,"column":12},"end":{"line":24,"column":84}},"14":{"start":{"line":26,"column":33},"end":{"line":26,"column":68}},"15":{"start":{"line":28,"column":8},"end":{"line":38,"column":11}},"16":{"start":{"line":40,"column":8},"end":{"line":40,"column":62}},"17":{"start":{"line":19,"column":13},"end":{"line":19,"column":37}},"18":{"start":{"line":45,"column":35},"end":{"line":60,"column":null}},"19":{"start":{"line":45,"column":73},"end":{"line":60,"column":null}},"20":{"start":{"line":47,"column":33},"end":{"line":47,"column":41}},"21":{"start":{"line":48,"column":4},"end":{"line":50,"column":9}},"22":{"start":{"line":49,"column":12},"end":{"line":49,"column":86}},"23":{"start":{"line":51,"column":4},"end":{"line":59,"column":5}},"24":{"start":{"line":52,"column":35},"end":{"line":52,"column":74}},"25":{"start":{"line":53,"column":8},"end":{"line":56,"column":11}},"26":{"start":{"line":58,"column":8},"end":{"line":58,"column":62}},"27":{"start":{"line":45,"column":13},"end":{"line":45,"column":35}},"28":{"start":{"line":62,"column":36},"end":{"line":70,"column":2}},"29":{"start":{"line":62,"column":74},"end":{"line":70,"column":2}},"30":{"start":{"line":63,"column":4},"end":{"line":69,"column":5}},"31":{"start":{"line":64,"column":30},"end":{"line":64,"column":38}},"32":{"start":{"line":65,"column":23},"end":{"line":65,"column":59}},"33":{"start":{"line":66,"column":8},"end":{"line":66,"column":75}},"34":{"start":{"line":68,"column":8},"end":{"line":68,"column":53}},"35":{"start":{"line":62,"column":13},"end":{"line":62,"column":36}}},"fnMap":{"0":{"name":"(anonymous_7)","decl":{"start":{"line":5,"column":38},"end":{"line":5,"column":45}},"loc":{"start":{"line":5,"column":76},"end":{"line":16,"column":null}}},"1":{"name":"(anonymous_8)","decl":{"start":{"line":5,"column":76},"end":{"line":5,"column":null}},"loc":{"start":{"line":5,"column":76},"end":{"line":16,"column":1}}},"2":{"name":"(anonymous_9)","decl":{"start":{"line":19,"column":37},"end":{"line":19,"column":44}},"loc":{"start":{"line":19,"column":75},"end":{"line":42,"column":2}}},"3":{"name":"(anonymous_10)","decl":{"start":{"line":19,"column":75},"end":{"line":19,"column":null}},"loc":{"start":{"line":19,"column":75},"end":{"line":42,"column":1}}},"4":{"name":"(anonymous_11)","decl":{"start":{"line":45,"column":35},"end":{"line":45,"column":42}},"loc":{"start":{"line":45,"column":73},"end":{"line":60,"column":null}}},"5":{"name":"(anonymous_12)","decl":{"start":{"line":45,"column":73},"end":{"line":45,"column":null}},"loc":{"start":{"line":45,"column":73},"end":{"line":60,"column":1}}},"6":{"name":"(anonymous_13)","decl":{"start":{"line":62,"column":36},"end":{"line":62,"column":43}},"loc":{"start":{"line":62,"column":74},"end":{"line":70,"column":2}}},"7":{"name":"(anonymous_14)","decl":{"start":{"line":62,"column":74},"end":{"line":62,"column":null}},"loc":{"start":{"line":62,"column":74},"end":{"line":70,"column":1}}}},"branchMap":{"0":{"loc":{"start":{"line":23,"column":8},"end":{"line":25,"column":9}},"type":"if","locations":[{"start":{"line":23,"column":8},"end":{"line":25,"column":9}}]},"1":{"loc":{"start":{"line":23,"column":12},"end":{"line":23,"column":117}},"type":"binary-expr","locations":[{"start":{"line":23,"column":12},"end":{"line":23,"column":32}},{"start":{"line":23,"column":36},"end":{"line":23,"column":55}},{"start":{"line":23,"column":59},"end":{"line":23,"column":75}},{"start":{"line":23,"column":79},"end":{"line":23,"column":98}},{"start":{"line":23,"column":102},"end":{"line":23,"column":117}}]},"2":{"loc":{"start":{"line":48,"column":4},"end":{"line":50,"column":9}},"type":"if","locations":[{"start":{"line":48,"column":4},"end":{"line":50,"column":9}}]},"3":{"loc":{"start":{"line":48,"column":8},"end":{"line":48,"column":27}},"type":"binary-expr","locations":[{"start":{"line":48,"column":8},"end":{"line":48,"column":14}},{"start":{"line":48,"column":18},"end":{"line":48,"column":27}}]}},"s":{"0":1,"1":1,"2":2,"3":2,"4":2,"5":1,"6":1,"7":1,"8":1,"9":3,"10":3,"11":3,"12":3,"13":1,"14":2,"15":1,"16":1,"17":1,"18":1,"19":5,"20":5,"21":5,"22":3,"23":2,"24":2,"25":1,"26":1,"27":1,"28":1,"29":2,"30":2,"31":2,"32":2,"33":1,"34":1,"35":1},"f":{"0":2,"1":2,"2":3,"3":3,"4":5,"5":5,"6":2,"7":2},"b":{"0":[1],"1":[3,2,2,2,2],"2":[3],"3":[5,3]}}
,"C:\\Users\\HP\\OneDrive\\Desktop\\Dri_zzle\\src\\auth\\auth.service.ts": {"path":"C:\\Users\\HP\\OneDrive\\Desktop\\Dri_zzle\\src\\auth\\auth.service.ts","statementMap":{"0":{"start":{"line":1,"column":0},"end":{"line":1,"column":43}},"1":{"start":{"line":2,"column":0},"end":{"line":2,"column":74}},"2":{"start":{"line":3,"column":0},"end":{"line":3,"column":31}},"3":{"start":{"line":4,"column":0},"end":{"line":4,"column":30}},"4":{"start":{"line":5,"column":0},"end":{"line":5,"column":31}},"5":{"start":{"line":6,"column":0},"end":{"line":6,"column":63}},"6":{"start":{"line":7,"column":0},"end":{"line":7,"column":57}},"7":{"start":{"line":10,"column":33},"end":{"line":33,"column":6}},"8":{"start":{"line":10,"column":84},"end":{"line":33,"column":6}},"9":{"start":{"line":11,"column":27},"end":{"line":11,"column":67}},"10":{"start":{"line":14,"column":29},"end":{"line":14,"column":83}},"11":{"start":{"line":15,"column":21},"end":{"line":20,"column":null}},"12":{"start":{"line":22,"column":19},"end":{"line":22,"column":81}},"13":{"start":{"line":23,"column":4},"end":{"line":25,"column":5}},"14":{"start":{"line":24,"column":8},"end":{"line":24,"column":49}},"15":{"start":{"line":27,"column":18},"end":{"line":28,"column":25}},"16":{"start":{"line":29,"column":8},"end":{"line":29,"column":82}},"17":{"start":{"line":31,"column":8},"end":{"line":31,"column":59}},"18":{"start":{"line":32,"column":4},"end":{"line":32,"column":27}},"19":{"start":{"line":10,"column":13},"end":{"line":10,"column":33}},"20":{"start":{"line":36,"column":34},"end":{"line":64,"column":2}},"21":{"start":{"line":36,"column":129},"end":{"line":64,"column":2}},"22":{"start":{"line":37,"column":27},"end":{"line":37,"column":68}},"23":{"start":{"line":40,"column":29},"end":{"line":40,"column":83}},"24":{"start":{"line":42,"column":18},"end":{"line":47,"column":null}},"25":{"start":{"line":50,"column":20},"end":{"line":50,"column":79}},"26":{"start":{"line":51,"column":4},"end":{"line":53,"column":5}},"27":{"start":{"line":52,"column":8},"end":{"line":52,"column":50}},"28":{"start":{"line":55,"column":18},"end":{"line":57,"column":6}},"29":{"start":{"line":60,"column":4},"end":{"line":60,"column":80}},"30":{"start":{"line":61,"column":4},"end":{"line":61,"column":57}},"31":{"start":{"line":63,"column":4},"end":{"line":63,"column":28}},"32":{"start":{"line":36,"column":13},"end":{"line":36,"column":34}},"33":{"start":{"line":67,"column":32},"end":{"line":82,"column":null}},"34":{"start":{"line":67,"column":74},"end":{"line":82,"column":null}},"35":{"start":{"line":68,"column":15},"end":{"line":68,"column":114}},"36":{"start":{"line":68,"column":106},"end":{"line":68,"column":113}},"37":{"start":{"line":69,"column":2},"end":{"line":71,"column":4}},"38":{"start":{"line":70,"column":4},"end":{"line":70,"column":50}},"39":{"start":{"line":72,"column":24},"end":{"line":72,"column":69}},"40":{"start":{"line":74,"column":0},"end":{"line":74,"column":54}},"41":{"start":{"line":75,"column":2},"end":{"line":77,"column":3}},"42":{"start":{"line":76,"column":4},"end":{"line":76,"column":50}},"43":{"start":{"line":78,"column":16},"end":{"line":80,"column":6}},"44":{"start":{"line":81,"column":4},"end":{"line":81,"column":25}},"45":{"start":{"line":67,"column":13},"end":{"line":67,"column":32}},"46":{"start":{"line":84,"column":33},"end":{"line":97,"column":null}},"47":{"start":{"line":84,"column":71},"end":{"line":97,"column":null}},"48":{"start":{"line":86,"column":16},"end":{"line":89,"column":87}},"49":{"start":{"line":90,"column":2},"end":{"line":92,"column":3}},"50":{"start":{"line":91,"column":4},"end":{"line":91,"column":49}},"51":{"start":{"line":93,"column":2},"end":{"line":95,"column":56}},"52":{"start":{"line":96,"column":2},"end":{"line":96,"column":39}},"53":{"start":{"line":84,"column":13},"end":{"line":84,"column":33}}},"fnMap":{"0":{"name":"(anonymous_8)","decl":{"start":{"line":10,"column":33},"end":{"line":10,"column":40}},"loc":{"start":{"line":10,"column":84},"end":{"line":33,"column":6}}},"1":{"name":"(anonymous_9)","decl":{"start":{"line":10,"column":84},"end":{"line":10,"column":null}},"loc":{"start":{"line":10,"column":84},"end":{"line":33,"column":5}}},"2":{"name":"(anonymous_10)","decl":{"start":{"line":36,"column":34},"end":{"line":36,"column":41}},"loc":{"start":{"line":36,"column":129},"end":{"line":64,"column":2}}},"3":{"name":"(anonymous_11)","decl":{"start":{"line":36,"column":129},"end":{"line":36,"column":null}},"loc":{"start":{"line":36,"column":129},"end":{"line":64,"column":1}}},"4":{"name":"(anonymous_12)","decl":{"start":{"line":67,"column":32},"end":{"line":67,"column":39}},"loc":{"start":{"line":67,"column":74},"end":{"line":82,"column":null}}},"5":{"name":"(anonymous_13)","decl":{"start":{"line":67,"column":74},"end":{"line":67,"column":null}},"loc":{"start":{"line":67,"column":74},"end":{"line":82,"column":1}}},"6":{"name":"(anonymous_14)","decl":{"start":{"line":68,"column":96},"end":{"line":68,"column":97}},"loc":{"start":{"line":68,"column":106},"end":{"line":68,"column":113}}},"7":{"name":"(anonymous_15)","decl":{"start":{"line":84,"column":33},"end":{"line":84,"column":40}},"loc":{"start":{"line":84,"column":71},"end":{"line":97,"column":null}}},"8":{"name":"(anonymous_16)","decl":{"start":{"line":84,"column":71},"end":{"line":84,"column":null}},"loc":{"start":{"line":84,"column":71},"end":{"line":97,"column":1}}}},"branchMap":{"0":{"loc":{"start":{"line":18,"column":14},"end":{"line":18,"column":36}},"type":"binary-expr","locations":[{"start":{"line":18,"column":14},"end":{"line":18,"column":27}},{"start":{"line":18,"column":31},"end":{"line":18,"column":36}}]},"1":{"loc":{"start":{"line":23,"column":4},"end":{"line":25,"column":5}},"type":"if","locations":[{"start":{"line":23,"column":4},"end":{"line":25,"column":5}}]},"2":{"loc":{"start":{"line":51,"column":4},"end":{"line":53,"column":5}},"type":"if","locations":[{"start":{"line":51,"column":4},"end":{"line":53,"column":5}}]},"3":{"loc":{"start":{"line":69,"column":2},"end":{"line":71,"column":4}},"type":"if","locations":[{"start":{"line":69,"column":2},"end":{"line":71,"column":4}}]},"4":{"loc":{"start":{"line":75,"column":2},"end":{"line":77,"column":3}},"type":"if","locations":[{"start":{"line":75,"column":2},"end":{"line":77,"column":3}}]},"5":{"loc":{"start":{"line":90,"column":2},"end":{"line":92,"column":3}},"type":"if","locations":[{"start":{"line":90,"column":2},"end":{"line":92,"column":3}}]}},"s":{"0":1,"1":1,"2":1,"3":1,"4":1,"5":1,"6":1,"7":1,"8":0,"9":0,"10":0,"11":0,"12":0,"13":0,"14":0,"15":0,"16":0,"17":0,"18":0,"19":1,"20":1,"21":0,"22":0,"23":0,"24":0,"25":0,"26":0,"27":0,"28":0,"29":0,"30":0,"31":0,"32":1,"33":1,"34":0,"35":0,"36":0,"37":0,"38":0,"39":0,"40":0,"41":0,"42":0,"43":0,"44":0,"45":1,"46":1,"47":0,"48":0,"49":0,"50":0,"51":0,"52":0,"53":1},"f":{"0":0,"1":0,"2":0,"3":0,"4":0,"5":0,"6":0,"7":0,"8":0},"b":{"0":[0,0],"1":[0],"2":[0],"3":[0],"4":[0],"5":[0]}}
,"C:\\Users\\HP\\OneDrive\\Desktop\\Dri_zzle\\src\\booking\\booking.controller.ts": {"path":"C:\\Users\\HP\\OneDrive\\Desktop\\Dri_zzle\\src\\booking\\booking.controller.ts","statementMap":{"0":{"start":{"line":2,"column":0},"end":{"line":2,"column":177}},"1":{"start":{"line":7,"column":39},"end":{"line":22,"column":null}},"2":{"start":{"line":7,"column":77},"end":{"line":22,"column":null}},"3":{"start":{"line":8,"column":4},"end":{"line":21,"column":5}},"4":{"start":{"line":9,"column":24},"end":{"line":9,"column":32}},"5":{"start":{"line":10,"column":27},"end":{"line":10,"column":62}},"6":{"start":{"line":11,"column":8},"end":{"line":18,"column":9}},"7":{"start":{"line":12,"column":12},"end":{"line":14,"column":15}},"8":{"start":{"line":16,"column":12},"end":{"line":17,"column":54}},"9":{"start":{"line":20,"column":8},"end":{"line":20,"column":61}},"10":{"start":{"line":7,"column":13},"end":{"line":7,"column":39}},"11":{"start":{"line":25,"column":36},"end":{"line":32,"column":null}},"12":{"start":{"line":25,"column":74},"end":{"line":32,"column":null}},"13":{"start":{"line":26,"column":4},"end":{"line":31,"column":5}},"14":{"start":{"line":27,"column":24},"end":{"line":27,"column":49}},"15":{"start":{"line":28,"column":8},"end":{"line":28,"column":38}},"16":{"start":{"line":30,"column":8},"end":{"line":30,"column":62}},"17":{"start":{"line":25,"column":13},"end":{"line":25,"column":36}},"18":{"start":{"line":35,"column":40},"end":{"line":49,"column":null}},"19":{"start":{"line":35,"column":78},"end":{"line":49,"column":null}},"20":{"start":{"line":36,"column":4},"end":{"line":48,"column":5}},"21":{"start":{"line":37,"column":26},"end":{"line":37,"column":56}},"22":{"start":{"line":38,"column":8},"end":{"line":40,"column":9}},"23":{"start":{"line":39,"column":12},"end":{"line":39,"column":73}},"24":{"start":{"line":41,"column":24},"end":{"line":41,"column":62}},"25":{"start":{"line":42,"column":8},"end":{"line":44,"column":9}},"26":{"start":{"line":43,"column":12},"end":{"line":43,"column":49}},"27":{"start":{"line":45,"column":8},"end":{"line":45,"column":68}},"28":{"start":{"line":47,"column":8},"end":{"line":47,"column":62}},"29":{"start":{"line":35,"column":13},"end":{"line":35,"column":40}},"30":{"start":{"line":52,"column":39},"end":{"line":64,"column":null}},"31":{"start":{"line":52,"column":77},"end":{"line":64,"column":null}},"32":{"start":{"line":53,"column":4},"end":{"line":63,"column":5}},"33":{"start":{"line":54,"column":26},"end":{"line":54,"column":56}},"34":{"start":{"line":55,"column":8},"end":{"line":57,"column":9}},"35":{"start":{"line":56,"column":12},"end":{"line":56,"column":73}},"36":{"start":{"line":58,"column":24},"end":{"line":58,"column":32}},"37":{"start":{"line":59,"column":8},"end":{"line":59,"column":59}},"38":{"start":{"line":60,"column":8},"end":{"line":60,"column":81}},"39":{"start":{"line":62,"column":8},"end":{"line":62,"column":62}},"40":{"start":{"line":52,"column":13},"end":{"line":52,"column":39}},"41":{"start":{"line":67,"column":39},"end":{"line":85,"column":null}},"42":{"start":{"line":67,"column":77},"end":{"line":85,"column":null}},"43":{"start":{"line":68,"column":4},"end":{"line":84,"column":5}},"44":{"start":{"line":69,"column":26},"end":{"line":69,"column":56}},"45":{"start":{"line":70,"column":8},"end":{"line":72,"column":9}},"46":{"start":{"line":71,"column":12},"end":{"line":71,"column":73}},"47":{"start":{"line":74,"column":32},"end":{"line":74,"column":70}},"48":{"start":{"line":75,"column":8},"end":{"line":77,"column":9}},"49":{"start":{"line":76,"column":12},"end":{"line":76,"column":72}},"50":{"start":{"line":78,"column":24},"end":{"line":78,"column":61}},"51":{"start":{"line":79,"column":8},"end":{"line":81,"column":9}},"52":{"start":{"line":80,"column":12},"end":{"line":80,"column":83}},"53":{"start":{"line":83,"column":8},"end":{"line":83,"column":60}},"54":{"start":{"line":67,"column":13},"end":{"line":67,"column":39}},"55":{"start":{"line":88,"column":47},"end":{"line":95,"column":null}},"56":{"start":{"line":88,"column":85},"end":{"line":95,"column":null}},"57":{"start":{"line":89,"column":4},"end":{"line":94,"column":5}},"58":{"start":{"line":90,"column":25},"end":{"line":90,"column":61}},"59":{"start":{"line":91,"column":8},"end":{"line":91,"column":39}},"60":{"start":{"line":93,"column":8},"end":{"line":93,"column":62}},"61":{"start":{"line":88,"column":13},"end":{"line":88,"column":47}}},"fnMap":{"0":{"name":"(anonymous_7)","decl":{"start":{"line":7,"column":39},"end":{"line":7,"column":46}},"loc":{"start":{"line":7,"column":77},"end":{"line":22,"column":null}}},"1":{"name":"(anonymous_8)","decl":{"start":{"line":7,"column":77},"end":{"line":7,"column":null}},"loc":{"start":{"line":7,"column":77},"end":{"line":22,"column":1}}},"2":{"name":"(anonymous_9)","decl":{"start":{"line":25,"column":36},"end":{"line":25,"column":43}},"loc":{"start":{"line":25,"column":74},"end":{"line":32,"column":null}}},"3":{"name":"(anonymous_10)","decl":{"start":{"line":25,"column":74},"end":{"line":25,"column":null}},"loc":{"start":{"line":25,"column":74},"end":{"line":32,"column":1}}},"4":{"name":"(anonymous_11)","decl":{"start":{"line":35,"column":40},"end":{"line":35,"column":47}},"loc":{"start":{"line":35,"column":78},"end":{"line":49,"column":null}}},"5":{"name":"(anonymous_12)","decl":{"start":{"line":35,"column":78},"end":{"line":35,"column":null}},"loc":{"start":{"line":35,"column":78},"end":{"line":49,"column":1}}},"6":{"name":"(anonymous_13)","decl":{"start":{"line":52,"column":39},"end":{"line":52,"column":46}},"loc":{"start":{"line":52,"column":77},"end":{"line":64,"column":null}}},"7":{"name":"(anonymous_14)","decl":{"start":{"line":52,"column":77},"end":{"line":52,"column":null}},"loc":{"start":{"line":52,"column":77},"end":{"line":64,"column":1}}},"8":{"name":"(anonymous_15)","decl":{"start":{"line":67,"column":39},"end":{"line":67,"column":46}},"loc":{"start":{"line":67,"column":77},"end":{"line":85,"column":null}}},"9":{"name":"(anonymous_16)","decl":{"start":{"line":67,"column":77},"end":{"line":67,"column":null}},"loc":{"start":{"line":67,"column":77},"end":{"line":85,"column":1}}},"10":{"name":"(anonymous_17)","decl":{"start":{"line":88,"column":47},"end":{"line":88,"column":54}},"loc":{"start":{"line":88,"column":85},"end":{"line":95,"column":null}}},"11":{"name":"(anonymous_18)","decl":{"start":{"line":88,"column":85},"end":{"line":88,"column":null}},"loc":{"start":{"line":88,"column":85},"end":{"line":95,"column":1}}}},"branchMap":{"0":{"loc":{"start":{"line":11,"column":8},"end":{"line":18,"column":9}},"type":"if","locations":[{"start":{"line":11,"column":8},"end":{"line":18,"column":9}},{"start":{"line":15,"column":15},"end":{"line":18,"column":9}}]},"1":{"loc":{"start":{"line":38,"column":8},"end":{"line":40,"column":9}},"type":"if","locations":[{"start":{"line":38,"column":8},"end":{"line":40,"column":9}}]},"2":{"loc":{"start":{"line":42,"column":8},"end":{"line":44,"column":9}},"type":"if","locations":[{"start":{"line":42,"column":8},"end":{"line":44,"column":9}}]},"3":{"loc":{"start":{"line":55,"column":8},"end":{"line":57,"column":9}},"type":"if","locations":[{"start":{"line":55,"column":8},"end":{"line":57,"column":9}}]},"4":{"loc":{"start":{"line":70,"column":8},"end":{"line":72,"column":9}},"type":"if","locations":[{"start":{"line":70,"column":8},"end":{"line":72,"column":9}}]},"5":{"loc":{"start":{"line":75,"column":8},"end":{"line":77,"column":9}},"type":"if","locations":[{"start":{"line":75,"column":8},"end":{"line":77,"column":9}}]},"6":{"loc":{"start":{"line":79,"column":8},"end":{"line":81,"column":9}},"type":"if","locations":[{"start":{"line":79,"column":8},"end":{"line":81,"column":9}}]}},"s":{"0":1,"1":1,"2":3,"3":3,"4":3,"5":3,"6":2,"7":1,"8":1,"9":1,"10":1,"11":1,"12":2,"13":2,"14":2,"15":1,"16":1,"17":1,"18":1,"19":4,"20":4,"21":4,"22":4,"23":1,"24":3,"25":2,"26":1,"27":1,"28":1,"29":1,"30":1,"31":3,"32":3,"33":3,"34":3,"35":1,"36":2,"37":2,"38":1,"39":1,"40":1,"41":1,"42":4,"43":4,"44":4,"45":4,"46":1,"47":3,"48":2,"49":1,"50":1,"51":1,"52":1,"53":1,"54":1,"55":1,"56":2,"57":2,"58":2,"59":1,"60":1,"61":1},"f":{"0":3,"1":3,"2":2,"3":2,"4":4,"5":4,"6":3,"7":3,"8":4,"9":4,"10":2,"11":2},"b":{"0":[1,1],"1":[1],"2":[1],"3":[1],"4":[1],"5":[1],"6":[1]}}
,"C:\\Users\\HP\\OneDrive\\Desktop\\Dri_zzle\\src\\booking\\booking.service.ts": {"path":"C:\\Users\\HP\\OneDrive\\Desktop\\Dri_zzle\\src\\booking\\booking.service.ts","statementMap":{"0":{"start":{"line":1,"column":0},"end":{"line":1,"column":33}},"1":{"start":{"line":2,"column":0},"end":{"line":2,"column":100}},"2":{"start":{"line":3,"column":0},"end":{"line":3,"column":31}},"3":{"start":{"line":7,"column":36},"end":{"line":13,"column":null}},"4":{"start":{"line":7,"column":65},"end":{"line":13,"column":null}},"5":{"start":{"line":8,"column":23},"end":{"line":8,"column":81}},"6":{"start":{"line":9,"column":4},"end":{"line":11,"column":5}},"7":{"start":{"line":10,"column":8},"end":{"line":10,"column":24}},"8":{"start":{"line":12,"column":4},"end":{"line":12,"column":16}},"9":{"start":{"line":7,"column":13},"end":{"line":7,"column":36}},"10":{"start":{"line":16,"column":33},"end":{"line":19,"column":null}},"11":{"start":{"line":16,"column":44},"end":{"line":19,"column":null}},"12":{"start":{"line":17,"column":19},"end":{"line":17,"column":58}},"13":{"start":{"line":18,"column":3},"end":{"line":18,"column":18}},"14":{"start":{"line":16,"column":13},"end":{"line":16,"column":33}},"15":{"start":{"line":22,"column":37},"end":{"line":27,"column":null}},"16":{"start":{"line":22,"column":65},"end":{"line":27,"column":null}},"17":{"start":{"line":23,"column":19},"end":{"line":25,"column":6}},"18":{"start":{"line":26,"column":8},"end":{"line":26,"column":22}},"19":{"start":{"line":22,"column":13},"end":{"line":22,"column":37}},"20":{"start":{"line":30,"column":40},"end":{"line":33,"column":null}},"21":{"start":{"line":30,"column":88},"end":{"line":33,"column":null}},"22":{"start":{"line":31,"column":4},"end":{"line":31,"column":null}},"23":{"start":{"line":32,"column":4},"end":{"line":32,"column":42}},"24":{"start":{"line":30,"column":13},"end":{"line":30,"column":40}},"25":{"start":{"line":36,"column":36},"end":{"line":40,"column":null}},"26":{"start":{"line":36,"column":64},"end":{"line":40,"column":null}},"27":{"start":{"line":37,"column":4},"end":{"line":37,"column":81}},"28":{"start":{"line":38,"column":4},"end":{"line":38,"column":42}},"29":{"start":{"line":36,"column":13},"end":{"line":36,"column":36}},"30":{"start":{"line":43,"column":44},"end":{"line":50,"column":null}},"31":{"start":{"line":43,"column":55},"end":{"line":50,"column":null}},"32":{"start":{"line":44,"column":4},"end":{"line":49,"column":43}},"33":{"start":{"line":49,"column":23},"end":{"line":49,"column":41}},"34":{"start":{"line":43,"column":13},"end":{"line":43,"column":44}}},"fnMap":{"0":{"name":"(anonymous_8)","decl":{"start":{"line":7,"column":36},"end":{"line":7,"column":43}},"loc":{"start":{"line":7,"column":65},"end":{"line":13,"column":null}}},"1":{"name":"(anonymous_9)","decl":{"start":{"line":7,"column":65},"end":{"line":7,"column":null}},"loc":{"start":{"line":7,"column":65},"end":{"line":13,"column":1}}},"2":{"name":"(anonymous_10)","decl":{"start":{"line":16,"column":33},"end":{"line":16,"column":42}},"loc":{"start":{"line":16,"column":44},"end":{"line":19,"column":null}}},"3":{"name":"(anonymous_11)","decl":{"start":{"line":16,"column":44},"end":{"line":16,"column":null}},"loc":{"start":{"line":16,"column":44},"end":{"line":19,"column":1}}},"4":{"name":"(anonymous_12)","decl":{"start":{"line":22,"column":37},"end":{"line":22,"column":44}},"loc":{"start":{"line":22,"column":65},"end":{"line":27,"column":null}}},"5":{"name":"(anonymous_13)","decl":{"start":{"line":22,"column":65},"end":{"line":22,"column":null}},"loc":{"start":{"line":22,"column":65},"end":{"line":27,"column":1}}},"6":{"name":"(anonymous_14)","decl":{"start":{"line":30,"column":40},"end":{"line":30,"column":47}},"loc":{"start":{"line":30,"column":88},"end":{"line":33,"column":null}}},"7":{"name":"(anonymous_15)","decl":{"start":{"line":30,"column":88},"end":{"line":30,"column":null}},"loc":{"start":{"line":30,"column":88},"end":{"line":33,"column":1}}},"8":{"name":"(anonymous_16)","decl":{"start":{"line":36,"column":36},"end":{"line":36,"column":43}},"loc":{"start":{"line":36,"column":64},"end":{"line":40,"column":null}}},"9":{"name":"(anonymous_17)","decl":{"start":{"line":36,"column":64},"end":{"line":36,"column":null}},"loc":{"start":{"line":36,"column":64},"end":{"line":40,"column":1}}},"10":{"name":"(anonymous_18)","decl":{"start":{"line":43,"column":44},"end":{"line":43,"column":53}},"loc":{"start":{"line":43,"column":55},"end":{"line":50,"column":null}}},"11":{"name":"(anonymous_19)","decl":{"start":{"line":43,"column":55},"end":{"line":43,"column":null}},"loc":{"start":{"line":43,"column":55},"end":{"line":50,"column":1}}},"12":{"name":"(anonymous_20)","decl":{"start":{"line":49,"column":10},"end":{"line":49,"column":11}},"loc":{"start":{"line":49,"column":23},"end":{"line":49,"column":41}}}},"branchMap":{"0":{"loc":{"start":{"line":9,"column":4},"end":{"line":11,"column":5}},"type":"if","locations":[{"start":{"line":9,"column":4},"end":{"line":11,"column":5}}]},"1":{"loc":{"start":{"line":49,"column":23},"end":{"line":49,"column":41}},"type":"binary-expr","locations":[{"start":{"line":49,"column":23},"end":{"line":49,"column":33}},{"start":{"line":49,"column":37},"end":{"line":49,"column":41}}]}},"s":{"0":2,"1":2,"2":2,"3":2,"4":2,"5":2,"6":2,"7":1,"8":1,"9":2,"10":2,"11":2,"12":2,"13":2,"14":2,"15":2,"16":2,"17":2,"18":2,"19":2,"20":2,"21":1,"22":1,"23":1,"24":2,"25":2,"26":1,"27":1,"28":1,"29":2,"30":2,"31":0,"32":0,"33":0,"34":2},"f":{"0":2,"1":2,"2":2,"3":2,"4":2,"5":2,"6":1,"7":1,"8":1,"9":1,"10":0,"11":0,"12":0},"b":{"0":[1],"1":[0,0]}}
,"C:\\Users\\HP\\OneDrive\\Desktop\\Dri_zzle\\src\\cars\\car.controller.ts": {"path":"C:\\Users\\HP\\OneDrive\\Desktop\\Dri_zzle\\src\\cars\\car.controller.ts","statementMap":{"0":{"start":{"line":2,"column":0},"end":{"line":2,"column":150}},"1":{"start":{"line":7,"column":35},"end":{"line":22,"column":null}},"2":{"start":{"line":7,"column":73},"end":{"line":22,"column":null}},"3":{"start":{"line":8,"column":4},"end":{"line":21,"column":5}},"4":{"start":{"line":9,"column":20},"end":{"line":9,"column":28}},"5":{"start":{"line":10,"column":23},"end":{"line":10,"column":50}},"6":{"start":{"line":11,"column":8},"end":{"line":18,"column":9}},"7":{"start":{"line":12,"column":12},"end":{"line":14,"column":15}},"8":{"start":{"line":16,"column":12},"end":{"line":17,"column":50}},"9":{"start":{"line":20,"column":8},"end":{"line":20,"column":61}},"10":{"start":{"line":7,"column":13},"end":{"line":7,"column":35}},"11":{"start":{"line":25,"column":32},"end":{"line":32,"column":null}},"12":{"start":{"line":25,"column":70},"end":{"line":32,"column":null}},"13":{"start":{"line":26,"column":4},"end":{"line":31,"column":5}},"14":{"start":{"line":27,"column":21},"end":{"line":27,"column":42}},"15":{"start":{"line":28,"column":8},"end":{"line":28,"column":35}},"16":{"start":{"line":30,"column":8},"end":{"line":30,"column":62}},"17":{"start":{"line":25,"column":13},"end":{"line":25,"column":32}},"18":{"start":{"line":35,"column":36},"end":{"line":49,"column":null}},"19":{"start":{"line":35,"column":74},"end":{"line":49,"column":null}},"20":{"start":{"line":36,"column":4},"end":{"line":48,"column":5}},"21":{"start":{"line":37,"column":22},"end":{"line":37,"column":48}},"22":{"start":{"line":38,"column":8},"end":{"line":40,"column":9}},"23":{"start":{"line":39,"column":12},"end":{"line":39,"column":69}},"24":{"start":{"line":41,"column":21},"end":{"line":41,"column":51}},"25":{"start":{"line":42,"column":8},"end":{"line":44,"column":9}},"26":{"start":{"line":43,"column":12},"end":{"line":43,"column":46}},"27":{"start":{"line":45,"column":8},"end":{"line":45,"column":64}},"28":{"start":{"line":47,"column":8},"end":{"line":47,"column":62}},"29":{"start":{"line":35,"column":13},"end":{"line":35,"column":36}},"30":{"start":{"line":52,"column":35},"end":{"line":64,"column":null}},"31":{"start":{"line":52,"column":73},"end":{"line":64,"column":null}},"32":{"start":{"line":53,"column":4},"end":{"line":63,"column":5}},"33":{"start":{"line":54,"column":22},"end":{"line":54,"column":48}},"34":{"start":{"line":55,"column":8},"end":{"line":57,"column":9}},"35":{"start":{"line":56,"column":12},"end":{"line":56,"column":69}},"36":{"start":{"line":58,"column":20},"end":{"line":58,"column":28}},"37":{"start":{"line":59,"column":8},"end":{"line":59,"column":47}},"38":{"start":{"line":60,"column":8},"end":{"line":60,"column":77}},"39":{"start":{"line":62,"column":8},"end":{"line":62,"column":62}},"40":{"start":{"line":52,"column":13},"end":{"line":52,"column":35}},"41":{"start":{"line":67,"column":35},"end":{"line":85,"column":null}},"42":{"start":{"line":67,"column":73},"end":{"line":85,"column":null}},"43":{"start":{"line":68,"column":4},"end":{"line":84,"column":5}},"44":{"start":{"line":69,"column":22},"end":{"line":69,"column":48}},"45":{"start":{"line":70,"column":8},"end":{"line":72,"column":9}},"46":{"start":{"line":71,"column":12},"end":{"line":71,"column":69}},"47":{"start":{"line":74,"column":28},"end":{"line":74,"column":58}},"48":{"start":{"line":75,"column":8},"end":{"line":77,"column":9}},"49":{"start":{"line":76,"column":12},"end":{"line":76,"column":68}},"50":{"start":{"line":78,"column":24},"end":{"line":78,"column":53}},"51":{"start":{"line":79,"column":8},"end":{"line":81,"column":9}},"52":{"start":{"line":80,"column":12},"end":{"line":80,"column":79}},"53":{"start":{"line":83,"column":8},"end":{"line":83,"column":60}},"54":{"start":{"line":67,"column":13},"end":{"line":67,"column":35}},"55":{"start":{"line":88,"column":44},"end":{"line":95,"column":null}},"56":{"start":{"line":88,"column":82},"end":{"line":95,"column":null}},"57":{"start":{"line":89,"column":4},"end":{"line":94,"column":5}},"58":{"start":{"line":90,"column":20},"end":{"line":90,"column":53}},"59":{"start":{"line":91,"column":8},"end":{"line":91,"column":34}},"60":{"start":{"line":93,"column":8},"end":{"line":93,"column":62}},"61":{"start":{"line":88,"column":13},"end":{"line":88,"column":44}}},"fnMap":{"0":{"name":"(anonymous_7)","decl":{"start":{"line":7,"column":35},"end":{"line":7,"column":42}},"loc":{"start":{"line":7,"column":73},"end":{"line":22,"column":null}}},"1":{"name":"(anonymous_8)","decl":{"start":{"line":7,"column":73},"end":{"line":7,"column":null}},"loc":{"start":{"line":7,"column":73},"end":{"line":22,"column":1}}},"2":{"name":"(anonymous_9)","decl":{"start":{"line":25,"column":32},"end":{"line":25,"column":39}},"loc":{"start":{"line":25,"column":70},"end":{"line":32,"column":null}}},"3":{"name":"(anonymous_10)","decl":{"start":{"line":25,"column":70},"end":{"line":25,"column":null}},"loc":{"start":{"line":25,"column":70},"end":{"line":32,"column":1}}},"4":{"name":"(anonymous_11)","decl":{"start":{"line":35,"column":36},"end":{"line":35,"column":43}},"loc":{"start":{"line":35,"column":74},"end":{"line":49,"column":null}}},"5":{"name":"(anonymous_12)","decl":{"start":{"line":35,"column":74},"end":{"line":35,"column":null}},"loc":{"start":{"line":35,"column":74},"end":{"line":49,"column":1}}},"6":{"name":"(anonymous_13)","decl":{"start":{"line":52,"column":35},"end":{"line":52,"column":42}},"loc":{"start":{"line":52,"column":73},"end":{"line":64,"column":null}}},"7":{"name":"(anonymous_14)","decl":{"start":{"line":52,"column":73},"end":{"line":52,"column":null}},"loc":{"start":{"line":52,"column":73},"end":{"line":64,"column":1}}},"8":{"name":"(anonymous_15)","decl":{"start":{"line":67,"column":35},"end":{"line":67,"column":42}},"loc":{"start":{"line":67,"column":73},"end":{"line":85,"column":null}}},"9":{"name":"(anonymous_16)","decl":{"start":{"line":67,"column":73},"end":{"line":67,"column":null}},"loc":{"start":{"line":67,"column":73},"end":{"line":85,"column":1}}},"10":{"name":"(anonymous_17)","decl":{"start":{"line":88,"column":44},"end":{"line":88,"column":51}},"loc":{"start":{"line":88,"column":82},"end":{"line":95,"column":null}}},"11":{"name":"(anonymous_18)","decl":{"start":{"line":88,"column":82},"end":{"line":88,"column":null}},"loc":{"start":{"line":88,"column":82},"end":{"line":95,"column":1}}}},"branchMap":{"0":{"loc":{"start":{"line":11,"column":8},"end":{"line":18,"column":9}},"type":"if","locations":[{"start":{"line":11,"column":8},"end":{"line":18,"column":9}},{"start":{"line":15,"column":15},"end":{"line":18,"column":9}}]},"1":{"loc":{"start":{"line":38,"column":8},"end":{"line":40,"column":9}},"type":"if","locations":[{"start":{"line":38,"column":8},"end":{"line":40,"column":9}}]},"2":{"loc":{"start":{"line":42,"column":8},"end":{"line":44,"column":9}},"type":"if","locations":[{"start":{"line":42,"column":8},"end":{"line":44,"column":9}}]},"3":{"loc":{"start":{"line":55,"column":8},"end":{"line":57,"column":9}},"type":"if","locations":[{"start":{"line":55,"column":8},"end":{"line":57,"column":9}}]},"4":{"loc":{"start":{"line":70,"column":8},"end":{"line":72,"column":9}},"type":"if","locations":[{"start":{"line":70,"column":8},"end":{"line":72,"column":9}}]},"5":{"loc":{"start":{"line":75,"column":8},"end":{"line":77,"column":9}},"type":"if","locations":[{"start":{"line":75,"column":8},"end":{"line":77,"column":9}}]},"6":{"loc":{"start":{"line":79,"column":8},"end":{"line":81,"column":9}},"type":"if","locations":[{"start":{"line":79,"column":8},"end":{"line":81,"column":9}}]}},"s":{"0":1,"1":1,"2":3,"3":3,"4":3,"5":3,"6":2,"7":1,"8":1,"9":1,"10":1,"11":1,"12":2,"13":2,"14":2,"15":1,"16":1,"17":1,"18":1,"19":4,"20":4,"21":4,"22":4,"23":1,"24":3,"25":2,"26":1,"27":1,"28":1,"29":1,"30":1,"31":3,"32":3,"33":3,"34":3,"35":1,"36":2,"37":2,"38":1,"39":1,"40":1,"41":1,"42":4,"43":4,"44":4,"45":4,"46":1,"47":3,"48":3,"49":1,"50":2,"51":1,"52":1,"53":1,"54":1,"55":1,"56":2,"57":2,"58":2,"59":1,"60":1,"61":1},"f":{"0":3,"1":3,"2":2,"3":2,"4":4,"5":4,"6":3,"7":3,"8":4,"9":4,"10":2,"11":2},"b":{"0":[1,1],"1":[1],"2":[1],"3":[1],"4":[1],"5":[1],"6":[1]}}
,"C:\\Users\\HP\\OneDrive\\Desktop\\Dri_zzle\\src\\cars\\car.service.ts": {"path":"C:\\Users\\HP\\OneDrive\\Desktop\\Dri_zzle\\src\\cars\\car.service.ts","statementMap":{"0":{"start":{"line":1,"column":0},"end":{"line":1,"column":33}},"1":{"start":{"line":2,"column":0},"end":{"line":2,"column":67}},"2":{"start":{"line":3,"column":0},"end":{"line":3,"column":31}},"3":{"start":{"line":8,"column":32},"end":{"line":14,"column":null}},"4":{"start":{"line":8,"column":53},"end":{"line":14,"column":null}},"5":{"start":{"line":9,"column":23},"end":{"line":9,"column":72}},"6":{"start":{"line":10,"column":4},"end":{"line":12,"column":5}},"7":{"start":{"line":11,"column":8},"end":{"line":11,"column":24}},"8":{"start":{"line":13,"column":4},"end":{"line":13,"column":16}},"9":{"start":{"line":8,"column":13},"end":{"line":8,"column":32}},"10":{"start":{"line":17,"column":29},"end":{"line":20,"column":null}},"11":{"start":{"line":17,"column":40},"end":{"line":20,"column":null}},"12":{"start":{"line":18,"column":17},"end":{"line":18,"column":51}},"13":{"start":{"line":19,"column":4},"end":{"line":19,"column":16}},"14":{"start":{"line":17,"column":13},"end":{"line":17,"column":29}},"15":{"start":{"line":23,"column":33},"end":{"line":28,"column":null}},"16":{"start":{"line":23,"column":57},"end":{"line":28,"column":null}},"17":{"start":{"line":24,"column":16},"end":{"line":26,"column":6}},"18":{"start":{"line":27,"column":4},"end":{"line":27,"column":15}},"19":{"start":{"line":23,"column":13},"end":{"line":23,"column":33}},"20":{"start":{"line":31,"column":36},"end":{"line":34,"column":null}},"21":{"start":{"line":31,"column":72},"end":{"line":34,"column":null}},"22":{"start":{"line":32,"column":4},"end":{"line":32,"column":null}},"23":{"start":{"line":33,"column":4},"end":{"line":33,"column":38}},"24":{"start":{"line":31,"column":13},"end":{"line":31,"column":36}},"25":{"start":{"line":37,"column":32},"end":{"line":41,"column":null}},"26":{"start":{"line":37,"column":56},"end":{"line":41,"column":null}},"27":{"start":{"line":38,"column":4},"end":{"line":38,"column":63}},"28":{"start":{"line":39,"column":4},"end":{"line":39,"column":38}},"29":{"start":{"line":37,"column":13},"end":{"line":37,"column":32}},"30":{"start":{"line":44,"column":41},"end":{"line":49,"column":null}},"31":{"start":{"line":44,"column":52},"end":{"line":49,"column":null}},"32":{"start":{"line":45,"column":4},"end":{"line":48,"column":43}},"33":{"start":{"line":48,"column":23},"end":{"line":48,"column":41}},"34":{"start":{"line":44,"column":13},"end":{"line":44,"column":41}}},"fnMap":{"0":{"name":"(anonymous_8)","decl":{"start":{"line":8,"column":32},"end":{"line":8,"column":39}},"loc":{"start":{"line":8,"column":53},"end":{"line":14,"column":null}}},"1":{"name":"(anonymous_9)","decl":{"start":{"line":8,"column":53},"end":{"line":8,"column":null}},"loc":{"start":{"line":8,"column":53},"end":{"line":14,"column":1}}},"2":{"name":"(anonymous_10)","decl":{"start":{"line":17,"column":29},"end":{"line":17,"column":38}},"loc":{"start":{"line":17,"column":40},"end":{"line":20,"column":null}}},"3":{"name":"(anonymous_11)","decl":{"start":{"line":17,"column":40},"end":{"line":17,"column":null}},"loc":{"start":{"line":17,"column":40},"end":{"line":20,"column":1}}},"4":{"name":"(anonymous_12)","decl":{"start":{"line":23,"column":33},"end":{"line":23,"column":40}},"loc":{"start":{"line":23,"column":57},"end":{"line":28,"column":null}}},"5":{"name":"(anonymous_13)","decl":{"start":{"line":23,"column":57},"end":{"line":23,"column":null}},"loc":{"start":{"line":23,"column":57},"end":{"line":28,"column":1}}},"6":{"name":"(anonymous_14)","decl":{"start":{"line":31,"column":36},"end":{"line":31,"column":43}},"loc":{"start":{"line":31,"column":72},"end":{"line":34,"column":null}}},"7":{"name":"(anonymous_15)","decl":{"start":{"line":31,"column":72},"end":{"line":31,"column":null}},"loc":{"start":{"line":31,"column":72},"end":{"line":34,"column":1}}},"8":{"name":"(anonymous_16)","decl":{"start":{"line":37,"column":32},"end":{"line":37,"column":39}},"loc":{"start":{"line":37,"column":56},"end":{"line":41,"column":null}}},"9":{"name":"(anonymous_17)","decl":{"start":{"line":37,"column":56},"end":{"line":37,"column":null}},"loc":{"start":{"line":37,"column":56},"end":{"line":41,"column":1}}},"10":{"name":"(anonymous_18)","decl":{"start":{"line":44,"column":41},"end":{"line":44,"column":50}},"loc":{"start":{"line":44,"column":52},"end":{"line":49,"column":null}}},"11":{"name":"(anonymous_19)","decl":{"start":{"line":44,"column":52},"end":{"line":44,"column":null}},"loc":{"start":{"line":44,"column":52},"end":{"line":49,"column":1}}},"12":{"name":"(anonymous_20)","decl":{"start":{"line":48,"column":10},"end":{"line":48,"column":11}},"loc":{"start":{"line":48,"column":23},"end":{"line":48,"column":41}}}},"branchMap":{"0":{"loc":{"start":{"line":10,"column":4},"end":{"line":12,"column":5}},"type":"if","locations":[{"start":{"line":10,"column":4},"end":{"line":12,"column":5}}]},"1":{"loc":{"start":{"line":48,"column":23},"end":{"line":48,"column":41}},"type":"binary-expr","locations":[{"start":{"line":48,"column":23},"end":{"line":48,"column":33}},{"start":{"line":48,"column":37},"end":{"line":48,"column":41}}]}},"s":{"0":2,"1":2,"2":2,"3":2,"4":2,"5":2,"6":2,"7":1,"8":1,"9":2,"10":2,"11":2,"12":2,"13":2,"14":2,"15":2,"16":2,"17":2,"18":2,"19":2,"20":2,"21":1,"22":1,"23":1,"24":2,"25":2,"26":1,"27":1,"28":1,"29":2,"30":2,"31":3,"32":3,"33":3,"34":2},"f":{"0":2,"1":2,"2":2,"3":2,"4":2,"5":2,"6":1,"7":1,"8":1,"9":1,"10":3,"11":3,"12":3},"b":{"0":[1],"1":[3,1]}}
,"C:\\Users\\HP\\OneDrive\\Desktop\\Dri_zzle\\src\\customers\\customer.controller.ts": {"path":"C:\\Users\\HP\\OneDrive\\Desktop\\Dri_zzle\\src\\customers\\customer.controller.ts","statementMap":{"0":{"start":{"line":2,"column":0},"end":{"line":2,"column":209}},"1":{"start":{"line":3,"column":0},"end":{"line":3,"column":58}},"2":{"start":{"line":4,"column":0},"end":{"line":4,"column":31}},"3":{"start":{"line":5,"column":0},"end":{"line":5,"column":29}},"4":{"start":{"line":8,"column":40},"end":{"line":24,"column":null}},"5":{"start":{"line":8,"column":78},"end":{"line":24,"column":null}},"6":{"start":{"line":9,"column":4},"end":{"line":23,"column":5}},"7":{"start":{"line":10,"column":25},"end":{"line":10,"column":33}},"8":{"start":{"line":11,"column":28},"end":{"line":11,"column":65}},"9":{"start":{"line":12,"column":8},"end":{"line":20,"column":9}},"10":{"start":{"line":13,"column":12},"end":{"line":13,"column":77}},"11":{"start":{"line":14,"column":12},"end":{"line":16,"column":15}},"12":{"start":{"line":18,"column":12},"end":{"line":19,"column":55}},"13":{"start":{"line":22,"column":8},"end":{"line":22,"column":61}},"14":{"start":{"line":8,"column":13},"end":{"line":8,"column":40}},"15":{"start":{"line":27,"column":37},"end":{"line":34,"column":null}},"16":{"start":{"line":27,"column":75},"end":{"line":34,"column":null}},"17":{"start":{"line":28,"column":4},"end":{"line":33,"column":5}},"18":{"start":{"line":29,"column":26},"end":{"line":29,"column":52}},"19":{"start":{"line":30,"column":8},"end":{"line":30,"column":40}},"20":{"start":{"line":32,"column":8},"end":{"line":32,"column":62}},"21":{"start":{"line":27,"column":13},"end":{"line":27,"column":37}},"22":{"start":{"line":37,"column":41},"end":{"line":51,"column":null}},"23":{"start":{"line":37,"column":79},"end":{"line":51,"column":null}},"24":{"start":{"line":38,"column":4},"end":{"line":50,"column":5}},"25":{"start":{"line":39,"column":27},"end":{"line":39,"column":58}},"26":{"start":{"line":40,"column":8},"end":{"line":42,"column":9}},"27":{"start":{"line":41,"column":12},"end":{"line":41,"column":74}},"28":{"start":{"line":43,"column":26},"end":{"line":43,"column":66}},"29":{"start":{"line":44,"column":8},"end":{"line":46,"column":9}},"30":{"start":{"line":45,"column":12},"end":{"line":45,"column":51}},"31":{"start":{"line":47,"column":8},"end":{"line":47,"column":69}},"32":{"start":{"line":49,"column":8},"end":{"line":49,"column":62}},"33":{"start":{"line":37,"column":13},"end":{"line":37,"column":41}},"34":{"start":{"line":54,"column":40},"end":{"line":80,"column":null}},"35":{"start":{"line":54,"column":78},"end":{"line":80,"column":null}},"36":{"start":{"line":55,"column":4},"end":{"line":79,"column":5}},"37":{"start":{"line":56,"column":27},"end":{"line":56,"column":58}},"38":{"start":{"line":57,"column":8},"end":{"line":59,"column":9}},"39":{"start":{"line":58,"column":12},"end":{"line":58,"column":74}},"40":{"start":{"line":60,"column":25},"end":{"line":60,"column":33}},"41":{"start":{"line":61,"column":25},"end":{"line":61,"column":42}},"42":{"start":{"line":62,"column":8},"end":{"line":66,"column":9}},"43":{"start":{"line":63,"column":35},"end":{"line":63,"column":66}},"44":{"start":{"line":64,"column":12},"end":{"line":64,"column":47}},"45":{"start":{"line":65,"column":12},"end":{"line":65,"column":70}},"46":{"start":{"line":68,"column":22},"end":{"line":69,"column":29}},"47":{"start":{"line":71,"column":8},"end":{"line":71,"column":58}},"48":{"start":{"line":72,"column":8},"end":{"line":76,"column":11}},"49":{"start":{"line":78,"column":8},"end":{"line":78,"column":62}},"50":{"start":{"line":54,"column":13},"end":{"line":54,"column":40}},"51":{"start":{"line":83,"column":40},"end":{"line":101,"column":null}},"52":{"start":{"line":83,"column":78},"end":{"line":101,"column":null}},"53":{"start":{"line":84,"column":4},"end":{"line":100,"column":5}},"54":{"start":{"line":85,"column":27},"end":{"line":85,"column":58}},"55":{"start":{"line":86,"column":8},"end":{"line":88,"column":9}},"56":{"start":{"line":87,"column":12},"end":{"line":87,"column":74}},"57":{"start":{"line":90,"column":33},"end":{"line":90,"column":73}},"58":{"start":{"line":91,"column":8},"end":{"line":93,"column":9}},"59":{"start":{"line":92,"column":12},"end":{"line":92,"column":73}},"60":{"start":{"line":94,"column":24},"end":{"line":94,"column":63}},"61":{"start":{"line":95,"column":8},"end":{"line":97,"column":9}},"62":{"start":{"line":96,"column":12},"end":{"line":96,"column":84}},"63":{"start":{"line":99,"column":8},"end":{"line":99,"column":60}},"64":{"start":{"line":83,"column":13},"end":{"line":83,"column":40}},"65":{"start":{"line":104,"column":45},"end":{"line":118,"column":null}},"66":{"start":{"line":104,"column":83},"end":{"line":118,"column":null}},"67":{"start":{"line":105,"column":4},"end":{"line":117,"column":5}},"68":{"start":{"line":106,"column":27},"end":{"line":106,"column":58}},"69":{"start":{"line":107,"column":8},"end":{"line":109,"column":9}},"70":{"start":{"line":108,"column":12},"end":{"line":108,"column":74}},"71":{"start":{"line":110,"column":25},"end":{"line":110,"column":69}},"72":{"start":{"line":111,"column":8},"end":{"line":113,"column":9}},"73":{"start":{"line":112,"column":12},"end":{"line":112,"column":50}},"74":{"start":{"line":114,"column":8},"end":{"line":114,"column":69}},"75":{"start":{"line":116,"column":8},"end":{"line":116,"column":62}},"76":{"start":{"line":104,"column":13},"end":{"line":104,"column":45}},"77":{"start":{"line":121,"column":48},"end":{"line":135,"column":null}},"78":{"start":{"line":121,"column":86},"end":{"line":135,"column":null}},"79":{"start":{"line":122,"column":4},"end":{"line":134,"column":5}},"80":{"start":{"line":123,"column":27},"end":{"line":123,"column":58}},"81":{"start":{"line":124,"column":8},"end":{"line":126,"column":9}},"82":{"start":{"line":125,"column":12},"end":{"line":125,"column":73}},"83":{"start":{"line":127,"column":25},"end":{"line":127,"column":73}},"84":{"start":{"line":128,"column":8},"end":{"line":130,"column":9}},"85":{"start":{"line":129,"column":12},"end":{"line":129,"column":50}},"86":{"start":{"line":131,"column":8},"end":{"line":131,"column":67}},"87":{"start":{"line":133,"column":8},"end":{"line":133,"column":60}},"88":{"start":{"line":121,"column":13},"end":{"line":121,"column":48}}},"fnMap":{"0":{"name":"(anonymous_8)","decl":{"start":{"line":8,"column":40},"end":{"line":8,"column":47}},"loc":{"start":{"line":8,"column":78},"end":{"line":24,"column":null}}},"1":{"name":"(anonymous_9)","decl":{"start":{"line":8,"column":78},"end":{"line":8,"column":null}},"loc":{"start":{"line":8,"column":78},"end":{"line":24,"column":1}}},"2":{"name":"(anonymous_10)","decl":{"start":{"line":27,"column":37},"end":{"line":27,"column":44}},"loc":{"start":{"line":27,"column":75},"end":{"line":34,"column":null}}},"3":{"name":"(anonymous_11)","decl":{"start":{"line":27,"column":75},"end":{"line":27,"column":null}},"loc":{"start":{"line":27,"column":75},"end":{"line":34,"column":1}}},"4":{"name":"(anonymous_12)","decl":{"start":{"line":37,"column":41},"end":{"line":37,"column":48}},"loc":{"start":{"line":37,"column":79},"end":{"line":51,"column":null}}},"5":{"name":"(anonymous_13)","decl":{"start":{"line":37,"column":79},"end":{"line":37,"column":null}},"loc":{"start":{"line":37,"column":79},"end":{"line":51,"column":1}}},"6":{"name":"(anonymous_14)","decl":{"start":{"line":54,"column":40},"end":{"line":54,"column":47}},"loc":{"start":{"line":54,"column":78},"end":{"line":80,"column":null}}},"7":{"name":"(anonymous_15)","decl":{"start":{"line":54,"column":78},"end":{"line":54,"column":null}},"loc":{"start":{"line":54,"column":78},"end":{"line":80,"column":1}}},"8":{"name":"(anonymous_16)","decl":{"start":{"line":83,"column":40},"end":{"line":83,"column":47}},"loc":{"start":{"line":83,"column":78},"end":{"line":101,"column":null}}},"9":{"name":"(anonymous_17)","decl":{"start":{"line":83,"column":78},"end":{"line":83,"column":null}},"loc":{"start":{"line":83,"column":78},"end":{"line":101,"column":1}}},"10":{"name":"(anonymous_18)","decl":{"start":{"line":104,"column":45},"end":{"line":104,"column":52}},"loc":{"start":{"line":104,"column":83},"end":{"line":118,"column":null}}},"11":{"name":"(anonymous_19)","decl":{"start":{"line":104,"column":83},"end":{"line":104,"column":null}},"loc":{"start":{"line":104,"column":83},"end":{"line":118,"column":1}}},"12":{"name":"(anonymous_20)","decl":{"start":{"line":121,"column":48},"end":{"line":121,"column":55}},"loc":{"start":{"line":121,"column":86},"end":{"line":135,"column":null}}},"13":{"name":"(anonymous_21)","decl":{"start":{"line":121,"column":86},"end":{"line":121,"column":null}},"loc":{"start":{"line":121,"column":86},"end":{"line":135,"column":1}}}},"branchMap":{"0":{"loc":{"start":{"line":12,"column":8},"end":{"line":20,"column":9}},"type":"if","locations":[{"start":{"line":12,"column":8},"end":{"line":20,"column":9}},{"start":{"line":17,"column":15},"end":{"line":20,"column":9}}]},"1":{"loc":{"start":{"line":40,"column":8},"end":{"line":42,"column":9}},"type":"if","locations":[{"start":{"line":40,"column":8},"end":{"line":42,"column":9}}]},"2":{"loc":{"start":{"line":44,"column":8},"end":{"line":46,"column":9}},"type":"if","locations":[{"start":{"line":44,"column":8},"end":{"line":46,"column":9}}]},"3":{"loc":{"start":{"line":57,"column":8},"end":{"line":59,"column":9}},"type":"if","locations":[{"start":{"line":57,"column":8},"end":{"line":59,"column":9}}]},"4":{"loc":{"start":{"line":62,"column":8},"end":{"line":66,"column":9}},"type":"if","locations":[{"start":{"line":62,"column":8},"end":{"line":66,"column":9}}]},"5":{"loc":{"start":{"line":86,"column":8},"end":{"line":88,"column":9}},"type":"if","locations":[{"start":{"line":86,"column":8},"end":{"line":88,"column":9}}]},"6":{"loc":{"start":{"line":91,"column":8},"end":{"line":93,"column":9}},"type":"if","locations":[{"start":{"line":91,"column":8},"end":{"line":93,"column":9}}]},"7":{"loc":{"start":{"line":95,"column":8},"end":{"line":97,"column":9}},"type":"if","locations":[{"start":{"line":95,"column":8},"end":{"line":97,"column":9}}]},"8":{"loc":{"start":{"line":107,"column":8},"end":{"line":109,"column":9}},"type":"if","locations":[{"start":{"line":107,"column":8},"end":{"line":109,"column":9}}]},"9":{"loc":{"start":{"line":111,"column":8},"end":{"line":113,"column":9}},"type":"if","locations":[{"start":{"line":111,"column":8},"end":{"line":113,"column":9}}]},"10":{"loc":{"start":{"line":124,"column":8},"end":{"line":126,"column":9}},"type":"if","locations":[{"start":{"line":124,"column":8},"end":{"line":126,"column":9}}]},"11":{"loc":{"start":{"line":128,"column":8},"end":{"line":130,"column":9}},"type":"if","locations":[{"start":{"line":128,"column":8},"end":{"line":130,"column":9}}]}},"s":{"0":1,"1":1,"2":1,"3":1,"4":1,"5":3,"6":3,"7":3,"8":3,"9":2,"10":1,"11":1,"12":1,"13":1,"14":1,"15":1,"16":2,"17":2,"18":2,"19":1,"20":1,"21":1,"22":1,"23":4,"24":4,"25":4,"26":4,"27":1,"28":3,"29":2,"30":1,"31":1,"32":1,"33":1,"34":1,"35":3,"36":3,"37":3,"38":3,"39":1,"40":2,"41":2,"42":2,"43":2,"44":2,"45":2,"46":2,"47":2,"48":1,"49":1,"50":1,"51":1,"52":4,"53":4,"54":4,"55":4,"56":1,"57":3,"58":3,"59":1,"60":2,"61":1,"62":1,"63":1,"64":1,"65":1,"66":4,"67":4,"68":4,"69":4,"70":1,"71":3,"72":2,"73":1,"74":1,"75":1,"76":1,"77":1,"78":4,"79":4,"80":4,"81":4,"82":1,"83":3,"84":2,"85":1,"86":1,"87":1,"88":1},"f":{"0":3,"1":3,"2":2,"3":2,"4":4,"5":4,"6":3,"7":3,"8":4,"9":4,"10":4,"11":4,"12":4,"13":4},"b":{"0":[1,1],"1":[1],"2":[1],"3":[1],"4":[2],"5":[1],"6":[1],"7":[1],"8":[1],"9":[1],"10":[1],"11":[1]}}
,"C:\\Users\\HP\\OneDrive\\Desktop\\Dri_zzle\\src\\customers\\customer.service.ts": {"path":"C:\\Users\\HP\\OneDrive\\Desktop\\Dri_zzle\\src\\customers\\customer.service.ts","statementMap":{"0":{"start":{"line":2,"column":0},"end":{"line":2,"column":33}},"1":{"start":{"line":3,"column":0},"end":{"line":3,"column":31}},"2":{"start":{"line":4,"column":0},"end":{"line":4,"column":62}},"3":{"start":{"line":8,"column":37},"end":{"line":14,"column":null}},"4":{"start":{"line":8,"column":68},"end":{"line":14,"column":null}},"5":{"start":{"line":9,"column":23},"end":{"line":9,"column":82}},"6":{"start":{"line":10,"column":4},"end":{"line":12,"column":5}},"7":{"start":{"line":11,"column":8},"end":{"line":11,"column":24}},"8":{"start":{"line":13,"column":4},"end":{"line":13,"column":16}},"9":{"start":{"line":8,"column":13},"end":{"line":8,"column":37}},"10":{"start":{"line":17,"column":34},"end":{"line":20,"column":null}},"11":{"start":{"line":17,"column":45},"end":{"line":20,"column":null}},"12":{"start":{"line":18,"column":22},"end":{"line":18,"column":61}},"13":{"start":{"line":19,"column":4},"end":{"line":19,"column":21}},"14":{"start":{"line":17,"column":13},"end":{"line":17,"column":34}},"15":{"start":{"line":23,"column":38},"end":{"line":28,"column":null}},"16":{"start":{"line":23,"column":67},"end":{"line":28,"column":null}},"17":{"start":{"line":24,"column":21},"end":{"line":26,"column":6}},"18":{"start":{"line":27,"column":4},"end":{"line":27,"column":20}},"19":{"start":{"line":23,"column":13},"end":{"line":23,"column":38}},"20":{"start":{"line":31,"column":37},"end":{"line":34,"column":null}},"21":{"start":{"line":31,"column":88},"end":{"line":34,"column":null}},"22":{"start":{"line":32,"column":4},"end":{"line":32,"column":97}},"23":{"start":{"line":33,"column":4},"end":{"line":33,"column":43}},"24":{"start":{"line":31,"column":13},"end":{"line":31,"column":37}},"25":{"start":{"line":37,"column":37},"end":{"line":40,"column":null}},"26":{"start":{"line":37,"column":66},"end":{"line":40,"column":null}},"27":{"start":{"line":38,"column":4},"end":{"line":38,"column":83}},"28":{"start":{"line":39,"column":4},"end":{"line":39,"column":43}},"29":{"start":{"line":37,"column":13},"end":{"line":37,"column":37}},"30":{"start":{"line":43,"column":42},"end":{"line":58,"column":null}},"31":{"start":{"line":43,"column":71},"end":{"line":58,"column":null}},"32":{"start":{"line":44,"column":21},"end":{"line":56,"column":6}},"33":{"start":{"line":57,"column":4},"end":{"line":57,"column":20}},"34":{"start":{"line":43,"column":13},"end":{"line":43,"column":42}},"35":{"start":{"line":61,"column":46},"end":{"line":76,"column":null}},"36":{"start":{"line":61,"column":75},"end":{"line":76,"column":null}},"37":{"start":{"line":62,"column":21},"end":{"line":74,"column":6}},"38":{"start":{"line":75,"column":4},"end":{"line":75,"column":null}},"39":{"start":{"line":61,"column":13},"end":{"line":61,"column":46}}},"fnMap":{"0":{"name":"(anonymous_8)","decl":{"start":{"line":8,"column":37},"end":{"line":8,"column":44}},"loc":{"start":{"line":8,"column":68},"end":{"line":14,"column":null}}},"1":{"name":"(anonymous_9)","decl":{"start":{"line":8,"column":68},"end":{"line":8,"column":null}},"loc":{"start":{"line":8,"column":68},"end":{"line":14,"column":1}}},"2":{"name":"(anonymous_10)","decl":{"start":{"line":17,"column":34},"end":{"line":17,"column":43}},"loc":{"start":{"line":17,"column":45},"end":{"line":20,"column":null}}},"3":{"name":"(anonymous_11)","decl":{"start":{"line":17,"column":45},"end":{"line":17,"column":null}},"loc":{"start":{"line":17,"column":45},"end":{"line":20,"column":1}}},"4":{"name":"(anonymous_12)","decl":{"start":{"line":23,"column":38},"end":{"line":23,"column":45}},"loc":{"start":{"line":23,"column":67},"end":{"line":28,"column":null}}},"5":{"name":"(anonymous_13)","decl":{"start":{"line":23,"column":67},"end":{"line":23,"column":null}},"loc":{"start":{"line":23,"column":67},"end":{"line":28,"column":1}}},"6":{"name":"(anonymous_14)","decl":{"start":{"line":31,"column":37},"end":{"line":31,"column":44}},"loc":{"start":{"line":31,"column":88},"end":{"line":34,"column":null}}},"7":{"name":"(anonymous_15)","decl":{"start":{"line":31,"column":88},"end":{"line":31,"column":null}},"loc":{"start":{"line":31,"column":88},"end":{"line":34,"column":1}}},"8":{"name":"(anonymous_16)","decl":{"start":{"line":37,"column":37},"end":{"line":37,"column":44}},"loc":{"start":{"line":37,"column":66},"end":{"line":40,"column":null}}},"9":{"name":"(anonymous_17)","decl":{"start":{"line":37,"column":66},"end":{"line":37,"column":null}},"loc":{"start":{"line":37,"column":66},"end":{"line":40,"column":1}}},"10":{"name":"(anonymous_18)","decl":{"start":{"line":43,"column":42},"end":{"line":43,"column":49}},"loc":{"start":{"line":43,"column":71},"end":{"line":58,"column":null}}},"11":{"name":"(anonymous_19)","decl":{"start":{"line":43,"column":71},"end":{"line":43,"column":null}},"loc":{"start":{"line":43,"column":71},"end":{"line":58,"column":1}}},"12":{"name":"(anonymous_20)","decl":{"start":{"line":61,"column":46},"end":{"line":61,"column":53}},"loc":{"start":{"line":61,"column":75},"end":{"line":76,"column":null}}},"13":{"name":"(anonymous_21)","decl":{"start":{"line":61,"column":75},"end":{"line":61,"column":null}},"loc":{"start":{"line":61,"column":75},"end":{"line":76,"column":1}}}},"branchMap":{"0":{"loc":{"start":{"line":10,"column":4},"end":{"line":12,"column":5}},"type":"if","locations":[{"start":{"line":10,"column":4},"end":{"line":12,"column":5}}]}},"s":{"0":2,"1":2,"2":2,"3":2,"4":2,"5":2,"6":2,"7":1,"8":1,"9":2,"10":2,"11":2,"12":2,"13":2,"14":2,"15":2,"16":2,"17":2,"18":2,"19":2,"20":2,"21":1,"22":1,"23":1,"24":2,"25":2,"26":1,"27":1,"28":1,"29":2,"30":2,"31":0,"32":0,"33":0,"34":2,"35":2,"36":0,"37":0,"38":0,"39":2},"f":{"0":2,"1":2,"2":2,"3":2,"4":2,"5":2,"6":1,"7":1,"8":1,"9":1,"10":0,"11":0,"12":0,"13":0},"b":{"0":[1]}}
,"C:\\Users\\HP\\OneDrive\\Desktop\\Dri_zzle\\src\\insurance\\insurance.controller.ts": {"path":"C:\\Users\\HP\\OneDrive\\Desktop\\Dri_zzle\\src\\insurance\\insurance.controller.ts","statementMap":{"0":{"start":{"line":2,"column":0},"end":{"line":2,"column":159}},"1":{"start":{"line":6,"column":41},"end":{"line":21,"column":null}},"2":{"start":{"line":6,"column":79},"end":{"line":21,"column":null}},"3":{"start":{"line":7,"column":4},"end":{"line":20,"column":5}},"4":{"start":{"line":8,"column":26},"end":{"line":8,"column":34}},"5":{"start":{"line":9,"column":29},"end":{"line":9,"column":68}},"6":{"start":{"line":10,"column":8},"end":{"line":17,"column":9}},"7":{"start":{"line":11,"column":12},"end":{"line":13,"column":15}},"8":{"start":{"line":15,"column":12},"end":{"line":16,"column":56}},"9":{"start":{"line":19,"column":8},"end":{"line":19,"column":61}},"10":{"start":{"line":6,"column":13},"end":{"line":6,"column":41}},"11":{"start":{"line":24,"column":38},"end":{"line":31,"column":null}},"12":{"start":{"line":24,"column":76},"end":{"line":31,"column":null}},"13":{"start":{"line":25,"column":4},"end":{"line":30,"column":5}},"14":{"start":{"line":26,"column":26},"end":{"line":26,"column":53}},"15":{"start":{"line":27,"column":8},"end":{"line":27,"column":40}},"16":{"start":{"line":29,"column":8},"end":{"line":29,"column":62}},"17":{"start":{"line":24,"column":13},"end":{"line":24,"column":38}},"18":{"start":{"line":34,"column":42},"end":{"line":48,"column":null}},"19":{"start":{"line":34,"column":80},"end":{"line":48,"column":null}},"20":{"start":{"line":35,"column":4},"end":{"line":47,"column":5}},"21":{"start":{"line":36,"column":28},"end":{"line":36,"column":60}},"22":{"start":{"line":37,"column":8},"end":{"line":39,"column":9}},"23":{"start":{"line":38,"column":12},"end":{"line":38,"column":75}},"24":{"start":{"line":40,"column":26},"end":{"line":40,"column":68}},"25":{"start":{"line":41,"column":8},"end":{"line":43,"column":9}},"26":{"start":{"line":42,"column":12},"end":{"line":42,"column":51}},"27":{"start":{"line":44,"column":8},"end":{"line":44,"column":70}},"28":{"start":{"line":46,"column":8},"end":{"line":46,"column":62}},"29":{"start":{"line":34,"column":13},"end":{"line":34,"column":42}},"30":{"start":{"line":51,"column":41},"end":{"line":63,"column":null}},"31":{"start":{"line":51,"column":79},"end":{"line":63,"column":null}},"32":{"start":{"line":52,"column":4},"end":{"line":62,"column":5}},"33":{"start":{"line":53,"column":28},"end":{"line":53,"column":60}},"34":{"start":{"line":54,"column":8},"end":{"line":56,"column":9}},"35":{"start":{"line":55,"column":12},"end":{"line":55,"column":75}},"36":{"start":{"line":57,"column":26},"end":{"line":57,"column":34}},"37":{"start":{"line":58,"column":8},"end":{"line":58,"column":65}},"38":{"start":{"line":59,"column":8},"end":{"line":59,"column":83}},"39":{"start":{"line":61,"column":8},"end":{"line":61,"column":62}},"40":{"start":{"line":51,"column":13},"end":{"line":51,"column":41}},"41":{"start":{"line":66,"column":41},"end":{"line":84,"column":null}},"42":{"start":{"line":66,"column":79},"end":{"line":84,"column":null}},"43":{"start":{"line":67,"column":4},"end":{"line":83,"column":5}},"44":{"start":{"line":68,"column":28},"end":{"line":68,"column":60}},"45":{"start":{"line":69,"column":8},"end":{"line":71,"column":9}},"46":{"start":{"line":70,"column":12},"end":{"line":70,"column":75}},"47":{"start":{"line":73,"column":34},"end":{"line":73,"column":76}},"48":{"start":{"line":74,"column":8},"end":{"line":76,"column":9}},"49":{"start":{"line":75,"column":12},"end":{"line":75,"column":74}},"50":{"start":{"line":77,"column":24},"end":{"line":77,"column":65}},"51":{"start":{"line":78,"column":8},"end":{"line":80,"column":9}},"52":{"start":{"line":79,"column":12},"end":{"line":79,"column":85}},"53":{"start":{"line":82,"column":8},"end":{"line":82,"column":60}},"54":{"start":{"line":66,"column":13},"end":{"line":66,"column":41}}},"fnMap":{"0":{"name":"(anonymous_7)","decl":{"start":{"line":6,"column":41},"end":{"line":6,"column":48}},"loc":{"start":{"line":6,"column":79},"end":{"line":21,"column":null}}},"1":{"name":"(anonymous_8)","decl":{"start":{"line":6,"column":79},"end":{"line":6,"column":null}},"loc":{"start":{"line":6,"column":79},"end":{"line":21,"column":1}}},"2":{"name":"(anonymous_9)","decl":{"start":{"line":24,"column":38},"end":{"line":24,"column":45}},"loc":{"start":{"line":24,"column":76},"end":{"line":31,"column":null}}},"3":{"name":"(anonymous_10)","decl":{"start":{"line":24,"column":76},"end":{"line":24,"column":null}},"loc":{"start":{"line":24,"column":76},"end":{"line":31,"column":1}}},"4":{"name":"(anonymous_11)","decl":{"start":{"line":34,"column":42},"end":{"line":34,"column":49}},"loc":{"start":{"line":34,"column":80},"end":{"line":48,"column":null}}},"5":{"name":"(anonymous_12)","decl":{"start":{"line":34,"column":80},"end":{"line":34,"column":null}},"loc":{"start":{"line":34,"column":80},"end":{"line":48,"column":1}}},"6":{"name":"(anonymous_13)","decl":{"start":{"line":51,"column":41},"end":{"line":51,"column":48}},"loc":{"start":{"line":51,"column":79},"end":{"line":63,"column":null}}},"7":{"name":"(anonymous_14)","decl":{"start":{"line":51,"column":79},"end":{"line":51,"column":null}},"loc":{"start":{"line":51,"column":79},"end":{"line":63,"column":1}}},"8":{"name":"(anonymous_15)","decl":{"start":{"line":66,"column":41},"end":{"line":66,"column":48}},"loc":{"start":{"line":66,"column":79},"end":{"line":84,"column":null}}},"9":{"name":"(anonymous_16)","decl":{"start":{"line":66,"column":79},"end":{"line":66,"column":null}},"loc":{"start":{"line":66,"column":79},"end":{"line":84,"column":1}}}},"branchMap":{"0":{"loc":{"start":{"line":10,"column":8},"end":{"line":17,"column":9}},"type":"if","locations":[{"start":{"line":10,"column":8},"end":{"line":17,"column":9}},{"start":{"line":14,"column":15},"end":{"line":17,"column":9}}]},"1":{"loc":{"start":{"line":37,"column":8},"end":{"line":39,"column":9}},"type":"if","locations":[{"start":{"line":37,"column":8},"end":{"line":39,"column":9}}]},"2":{"loc":{"start":{"line":41,"column":8},"end":{"line":43,"column":9}},"type":"if","locations":[{"start":{"line":41,"column":8},"end":{"line":43,"column":9}}]},"3":{"loc":{"start":{"line":54,"column":8},"end":{"line":56,"column":9}},"type":"if","locations":[{"start":{"line":54,"column":8},"end":{"line":56,"column":9}}]},"4":{"loc":{"start":{"line":69,"column":8},"end":{"line":71,"column":9}},"type":"if","locations":[{"start":{"line":69,"column":8},"end":{"line":71,"column":9}}]},"5":{"loc":{"start":{"line":74,"column":8},"end":{"line":76,"column":9}},"type":"if","locations":[{"start":{"line":74,"column":8},"end":{"line":76,"column":9}}]},"6":{"loc":{"start":{"line":78,"column":8},"end":{"line":80,"column":9}},"type":"if","locations":[{"start":{"line":78,"column":8},"end":{"line":80,"column":9}}]}},"s":{"0":1,"1":1,"2":3,"3":3,"4":3,"5":3,"6":2,"7":1,"8":1,"9":1,"10":1,"11":1,"12":2,"13":2,"14":2,"15":1,"16":1,"17":1,"18":1,"19":4,"20":4,"21":4,"22":4,"23":1,"24":3,"25":2,"26":1,"27":1,"28":1,"29":1,"30":1,"31":3,"32":3,"33":3,"34":3,"35":1,"36":2,"37":2,"38":1,"39":1,"40":1,"41":1,"42":4,"43":4,"44":4,"45":4,"46":1,"47":3,"48":2,"49":1,"50":1,"51":1,"52":1,"53":1,"54":1},"f":{"0":3,"1":3,"2":2,"3":2,"4":4,"5":4,"6":3,"7":3,"8":4,"9":4},"b":{"0":[1,1],"1":[1],"2":[1],"3":[1],"4":[1],"5":[1],"6":[1]}}
,"C:\\Users\\HP\\OneDrive\\Desktop\\Dri_zzle\\src\\insurance\\insurance.service.ts": {"path":"C:\\Users\\HP\\OneDrive\\Desktop\\Dri_zzle\\src\\insurance\\insurance.service.ts","statementMap":{"0":{"start":{"line":1,"column":0},"end":{"line":1,"column":33}},"1":{"start":{"line":2,"column":0},"end":{"line":2,"column":64}},"2":{"start":{"line":3,"column":0},"end":{"line":3,"column":31}},"3":{"start":{"line":9,"column":38},"end":{"line":15,"column":null}},"4":{"start":{"line":9,"column":71},"end":{"line":15,"column":null}},"5":{"start":{"line":10,"column":23},"end":{"line":10,"column":84}},"6":{"start":{"line":11,"column":4},"end":{"line":13,"column":5}},"7":{"start":{"line":12,"column":8},"end":{"line":12,"column":24}},"8":{"start":{"line":14,"column":4},"end":{"line":14,"column":16}},"9":{"start":{"line":9,"column":13},"end":{"line":9,"column":38}},"10":{"start":{"line":18,"column":35},"end":{"line":21,"column":null}},"11":{"start":{"line":18,"column":46},"end":{"line":21,"column":null}},"12":{"start":{"line":19,"column":22},"end":{"line":19,"column":62}},"13":{"start":{"line":20,"column":4},"end":{"line":20,"column":21}},"14":{"start":{"line":18,"column":13},"end":{"line":18,"column":35}},"15":{"start":{"line":24,"column":39},"end":{"line":29,"column":null}},"16":{"start":{"line":24,"column":69},"end":{"line":29,"column":null}},"17":{"start":{"line":25,"column":22},"end":{"line":27,"column":6}},"18":{"start":{"line":28,"column":4},"end":{"line":28,"column":21}},"19":{"start":{"line":24,"column":13},"end":{"line":24,"column":39}},"20":{"start":{"line":32,"column":42},"end":{"line":35,"column":null}},"21":{"start":{"line":32,"column":96},"end":{"line":35,"column":null}},"22":{"start":{"line":33,"column":4},"end":{"line":33,"column":null}},"23":{"start":{"line":34,"column":4},"end":{"line":34,"column":44}},"24":{"start":{"line":32,"column":13},"end":{"line":32,"column":42}},"25":{"start":{"line":38,"column":38},"end":{"line":42,"column":null}},"26":{"start":{"line":38,"column":68},"end":{"line":42,"column":null}},"27":{"start":{"line":39,"column":4},"end":{"line":39,"column":87}},"28":{"start":{"line":40,"column":4},"end":{"line":40,"column":44}},"29":{"start":{"line":38,"column":13},"end":{"line":38,"column":38}}},"fnMap":{"0":{"name":"(anonymous_8)","decl":{"start":{"line":9,"column":38},"end":{"line":9,"column":45}},"loc":{"start":{"line":9,"column":71},"end":{"line":15,"column":null}}},"1":{"name":"(anonymous_9)","decl":{"start":{"line":9,"column":71},"end":{"line":9,"column":null}},"loc":{"start":{"line":9,"column":71},"end":{"line":15,"column":1}}},"2":{"name":"(anonymous_10)","decl":{"start":{"line":18,"column":35},"end":{"line":18,"column":44}},"loc":{"start":{"line":18,"column":46},"end":{"line":21,"column":null}}},"3":{"name":"(anonymous_11)","decl":{"start":{"line":18,"column":46},"end":{"line":18,"column":null}},"loc":{"start":{"line":18,"column":46},"end":{"line":21,"column":1}}},"4":{"name":"(anonymous_12)","decl":{"start":{"line":24,"column":39},"end":{"line":24,"column":46}},"loc":{"start":{"line":24,"column":69},"end":{"line":29,"column":null}}},"5":{"name":"(anonymous_13)","decl":{"start":{"line":24,"column":69},"end":{"line":24,"column":null}},"loc":{"start":{"line":24,"column":69},"end":{"line":29,"column":1}}},"6":{"name":"(anonymous_14)","decl":{"start":{"line":32,"column":42},"end":{"line":32,"column":49}},"loc":{"start":{"line":32,"column":96},"end":{"line":35,"column":null}}},"7":{"name":"(anonymous_15)","decl":{"start":{"line":32,"column":96},"end":{"line":32,"column":null}},"loc":{"start":{"line":32,"column":96},"end":{"line":35,"column":1}}},"8":{"name":"(anonymous_16)","decl":{"start":{"line":38,"column":38},"end":{"line":38,"column":45}},"loc":{"start":{"line":38,"column":68},"end":{"line":42,"column":null}}},"9":{"name":"(anonymous_17)","decl":{"start":{"line":38,"column":68},"end":{"line":38,"column":null}},"loc":{"start":{"line":38,"column":68},"end":{"line":42,"column":1}}}},"branchMap":{"0":{"loc":{"start":{"line":11,"column":4},"end":{"line":13,"column":5}},"type":"if","locations":[{"start":{"line":11,"column":4},"end":{"line":13,"column":5}}]}},"s":{"0":2,"1":2,"2":2,"3":2,"4":2,"5":2,"6":2,"7":1,"8":1,"9":2,"10":2,"11":2,"12":2,"13":2,"14":2,"15":2,"16":2,"17":2,"18":2,"19":2,"20":2,"21":1,"22":1,"23":1,"24":2,"25":2,"26":1,"27":1,"28":1,"29":2},"f":{"0":2,"1":2,"2":2,"3":2,"4":2,"5":2,"6":1,"7":1,"8":1,"9":1},"b":{"0":[1]}}
,"C:\\Users\\HP\\OneDrive\\Desktop\\Dri_zzle\\src\\location\\location.controller.ts": {"path":"C:\\Users\\HP\\OneDrive\\Desktop\\Dri_zzle\\src\\location\\location.controller.ts","statementMap":{"0":{"start":{"line":2,"column":0},"end":{"line":2,"column":153}},"1":{"start":{"line":6,"column":40},"end":{"line":21,"column":null}},"2":{"start":{"line":6,"column":78},"end":{"line":21,"column":null}},"3":{"start":{"line":7,"column":4},"end":{"line":20,"column":5}},"4":{"start":{"line":8,"column":25},"end":{"line":8,"column":33}},"5":{"start":{"line":9,"column":28},"end":{"line":9,"column":65}},"6":{"start":{"line":10,"column":8},"end":{"line":17,"column":9}},"7":{"start":{"line":11,"column":12},"end":{"line":13,"column":15}},"8":{"start":{"line":15,"column":12},"end":{"line":16,"column":55}},"9":{"start":{"line":19,"column":8},"end":{"line":19,"column":61}},"10":{"start":{"line":6,"column":13},"end":{"line":6,"column":40}},"11":{"start":{"line":24,"column":37},"end":{"line":31,"column":null}},"12":{"start":{"line":24,"column":75},"end":{"line":31,"column":null}},"13":{"start":{"line":25,"column":4},"end":{"line":30,"column":5}},"14":{"start":{"line":26,"column":25},"end":{"line":26,"column":51}},"15":{"start":{"line":27,"column":8},"end":{"line":27,"column":39}},"16":{"start":{"line":29,"column":8},"end":{"line":29,"column":62}},"17":{"start":{"line":24,"column":13},"end":{"line":24,"column":37}},"18":{"start":{"line":34,"column":41},"end":{"line":48,"column":null}},"19":{"start":{"line":34,"column":79},"end":{"line":48,"column":null}},"20":{"start":{"line":35,"column":4},"end":{"line":47,"column":5}},"21":{"start":{"line":36,"column":27},"end":{"line":36,"column":58}},"22":{"start":{"line":37,"column":8},"end":{"line":39,"column":9}},"23":{"start":{"line":38,"column":12},"end":{"line":38,"column":74}},"24":{"start":{"line":40,"column":25},"end":{"line":40,"column":65}},"25":{"start":{"line":41,"column":8},"end":{"line":43,"column":9}},"26":{"start":{"line":42,"column":12},"end":{"line":42,"column":50}},"27":{"start":{"line":44,"column":8},"end":{"line":44,"column":69}},"28":{"start":{"line":46,"column":8},"end":{"line":46,"column":62}},"29":{"start":{"line":34,"column":13},"end":{"line":34,"column":41}},"30":{"start":{"line":51,"column":40},"end":{"line":63,"column":null}},"31":{"start":{"line":51,"column":78},"end":{"line":63,"column":null}},"32":{"start":{"line":52,"column":4},"end":{"line":62,"column":5}},"33":{"start":{"line":53,"column":27},"end":{"line":53,"column":58}},"34":{"start":{"line":54,"column":8},"end":{"line":56,"column":9}},"35":{"start":{"line":55,"column":12},"end":{"line":55,"column":74}},"36":{"start":{"line":57,"column":25},"end":{"line":57,"column":33}},"37":{"start":{"line":58,"column":8},"end":{"line":58,"column":62}},"38":{"start":{"line":59,"column":8},"end":{"line":59,"column":82}},"39":{"start":{"line":61,"column":8},"end":{"line":61,"column":62}},"40":{"start":{"line":51,"column":13},"end":{"line":51,"column":40}},"41":{"start":{"line":66,"column":40},"end":{"line":84,"column":null}},"42":{"start":{"line":66,"column":78},"end":{"line":84,"column":null}},"43":{"start":{"line":67,"column":4},"end":{"line":83,"column":5}},"44":{"start":{"line":68,"column":27},"end":{"line":68,"column":58}},"45":{"start":{"line":69,"column":8},"end":{"line":71,"column":9}},"46":{"start":{"line":70,"column":12},"end":{"line":70,"column":74}},"47":{"start":{"line":73,"column":33},"end":{"line":73,"column":73}},"48":{"start":{"line":74,"column":8},"end":{"line":76,"column":9}},"49":{"start":{"line":75,"column":12},"end":{"line":75,"column":73}},"50":{"start":{"line":77,"column":24},"end":{"line":77,"column":63}},"51":{"start":{"line":78,"column":8},"end":{"line":80,"column":9}},"52":{"start":{"line":79,"column":12},"end":{"line":79,"column":84}},"53":{"start":{"line":82,"column":8},"end":{"line":82,"column":60}},"54":{"start":{"line":66,"column":13},"end":{"line":66,"column":40}}},"fnMap":{"0":{"name":"(anonymous_7)","decl":{"start":{"line":6,"column":40},"end":{"line":6,"column":47}},"loc":{"start":{"line":6,"column":78},"end":{"line":21,"column":null}}},"1":{"name":"(anonymous_8)","decl":{"start":{"line":6,"column":78},"end":{"line":6,"column":null}},"loc":{"start":{"line":6,"column":78},"end":{"line":21,"column":1}}},"2":{"name":"(anonymous_9)","decl":{"start":{"line":24,"column":37},"end":{"line":24,"column":44}},"loc":{"start":{"line":24,"column":75},"end":{"line":31,"column":null}}},"3":{"name":"(anonymous_10)","decl":{"start":{"line":24,"column":75},"end":{"line":24,"column":null}},"loc":{"start":{"line":24,"column":75},"end":{"line":31,"column":1}}},"4":{"name":"(anonymous_11)","decl":{"start":{"line":34,"column":41},"end":{"line":34,"column":48}},"loc":{"start":{"line":34,"column":79},"end":{"line":48,"column":null}}},"5":{"name":"(anonymous_12)","decl":{"start":{"line":34,"column":79},"end":{"line":34,"column":null}},"loc":{"start":{"line":34,"column":79},"end":{"line":48,"column":1}}},"6":{"name":"(anonymous_13)","decl":{"start":{"line":51,"column":40},"end":{"line":51,"column":47}},"loc":{"start":{"line":51,"column":78},"end":{"line":63,"column":null}}},"7":{"name":"(anonymous_14)","decl":{"start":{"line":51,"column":78},"end":{"line":51,"column":null}},"loc":{"start":{"line":51,"column":78},"end":{"line":63,"column":1}}},"8":{"name":"(anonymous_15)","decl":{"start":{"line":66,"column":40},"end":{"line":66,"column":47}},"loc":{"start":{"line":66,"column":78},"end":{"line":84,"column":null}}},"9":{"name":"(anonymous_16)","decl":{"start":{"line":66,"column":78},"end":{"line":66,"column":null}},"loc":{"start":{"line":66,"column":78},"end":{"line":84,"column":1}}}},"branchMap":{"0":{"loc":{"start":{"line":10,"column":8},"end":{"line":17,"column":9}},"type":"if","locations":[{"start":{"line":10,"column":8},"end":{"line":17,"column":9}},{"start":{"line":14,"column":15},"end":{"line":17,"column":9}}]},"1":{"loc":{"start":{"line":37,"column":8},"end":{"line":39,"column":9}},"type":"if","locations":[{"start":{"line":37,"column":8},"end":{"line":39,"column":9}}]},"2":{"loc":{"start":{"line":41,"column":8},"end":{"line":43,"column":9}},"type":"if","locations":[{"start":{"line":41,"column":8},"end":{"line":43,"column":9}}]},"3":{"loc":{"start":{"line":54,"column":8},"end":{"line":56,"column":9}},"type":"if","locations":[{"start":{"line":54,"column":8},"end":{"line":56,"column":9}}]},"4":{"loc":{"start":{"line":69,"column":8},"end":{"line":71,"column":9}},"type":"if","locations":[{"start":{"line":69,"column":8},"end":{"line":71,"column":9}}]},"5":{"loc":{"start":{"line":74,"column":8},"end":{"line":76,"column":9}},"type":"if","locations":[{"start":{"line":74,"column":8},"end":{"line":76,"column":9}}]},"6":{"loc":{"start":{"line":78,"column":8},"end":{"line":80,"column":9}},"type":"if","locations":[{"start":{"line":78,"column":8},"end":{"line":80,"column":9}}]}},"s":{"0":1,"1":1,"2":3,"3":3,"4":3,"5":3,"6":2,"7":1,"8":1,"9":1,"10":1,"11":1,"12":2,"13":2,"14":2,"15":1,"16":1,"17":1,"18":1,"19":4,"20":4,"21":4,"22":4,"23":1,"24":3,"25":2,"26":1,"27":1,"28":1,"29":1,"30":1,"31":3,"32":3,"33":3,"34":3,"35":1,"36":2,"37":2,"38":1,"39":1,"40":1,"41":1,"42":4,"43":4,"44":4,"45":4,"46":1,"47":3,"48":2,"49":1,"50":1,"51":1,"52":1,"53":1,"54":1},"f":{"0":3,"1":3,"2":2,"3":2,"4":4,"5":4,"6":3,"7":3,"8":4,"9":4},"b":{"0":[1,1],"1":[1],"2":[1],"3":[1],"4":[1],"5":[1],"6":[1]}}
,"C:\\Users\\HP\\OneDrive\\Desktop\\Dri_zzle\\src\\location\\location.service.ts": {"path":"C:\\Users\\HP\\OneDrive\\Desktop\\Dri_zzle\\src\\location\\location.service.ts","statementMap":{"0":{"start":{"line":1,"column":0},"end":{"line":1,"column":33}},"1":{"start":{"line":2,"column":0},"end":{"line":2,"column":62}},"2":{"start":{"line":3,"column":0},"end":{"line":3,"column":31}},"3":{"start":{"line":7,"column":37},"end":{"line":13,"column":null}},"4":{"start":{"line":7,"column":68},"end":{"line":13,"column":null}},"5":{"start":{"line":8,"column":23},"end":{"line":8,"column":82}},"6":{"start":{"line":9,"column":4},"end":{"line":11,"column":5}},"7":{"start":{"line":10,"column":8},"end":{"line":10,"column":24}},"8":{"start":{"line":12,"column":4},"end":{"line":12,"column":16}},"9":{"start":{"line":7,"column":13},"end":{"line":7,"column":37}},"10":{"start":{"line":16,"column":34},"end":{"line":19,"column":null}},"11":{"start":{"line":16,"column":45},"end":{"line":19,"column":null}},"12":{"start":{"line":17,"column":21},"end":{"line":17,"column":60}},"13":{"start":{"line":18,"column":4},"end":{"line":18,"column":20}},"14":{"start":{"line":16,"column":13},"end":{"line":16,"column":34}},"15":{"start":{"line":22,"column":38},"end":{"line":27,"column":null}},"16":{"start":{"line":22,"column":67},"end":{"line":27,"column":null}},"17":{"start":{"line":23,"column":21},"end":{"line":25,"column":6}},"18":{"start":{"line":26,"column":4},"end":{"line":26,"column":20}},"19":{"start":{"line":22,"column":13},"end":{"line":22,"column":38}},"20":{"start":{"line":30,"column":41},"end":{"line":33,"column":null}},"21":{"start":{"line":30,"column":92},"end":{"line":33,"column":null}},"22":{"start":{"line":31,"column":4},"end":{"line":31,"column":null}},"23":{"start":{"line":32,"column":4},"end":{"line":32,"column":43}},"24":{"start":{"line":30,"column":13},"end":{"line":30,"column":41}},"25":{"start":{"line":36,"column":37},"end":{"line":40,"column":null}},"26":{"start":{"line":36,"column":66},"end":{"line":40,"column":null}},"27":{"start":{"line":37,"column":4},"end":{"line":37,"column":83}},"28":{"start":{"line":38,"column":4},"end":{"line":38,"column":43}},"29":{"start":{"line":36,"column":13},"end":{"line":36,"column":37}}},"fnMap":{"0":{"name":"(anonymous_8)","decl":{"start":{"line":7,"column":37},"end":{"line":7,"column":44}},"loc":{"start":{"line":7,"column":68},"end":{"line":13,"column":null}}},"1":{"name":"(anonymous_9)","decl":{"start":{"line":7,"column":68},"end":{"line":7,"column":null}},"loc":{"start":{"line":7,"column":68},"end":{"line":13,"column":1}}},"2":{"name":"(anonymous_10)","decl":{"start":{"line":16,"column":34},"end":{"line":16,"column":43}},"loc":{"start":{"line":16,"column":45},"end":{"line":19,"column":null}}},"3":{"name":"(anonymous_11)","decl":{"start":{"line":16,"column":45},"end":{"line":16,"column":null}},"loc":{"start":{"line":16,"column":45},"end":{"line":19,"column":1}}},"4":{"name":"(anonymous_12)","decl":{"start":{"line":22,"column":38},"end":{"line":22,"column":45}},"loc":{"start":{"line":22,"column":67},"end":{"line":2
[...]
39}}},"fnMap":{"0":{"name":"(anonymous_7)","decl":{"start":{"line":6,"column":39},"end":{"line":6,"column":46}},"loc":{"start":{"line":6,"column":77},"end":{"line":21,"column":null}}},"1":{"name":"(anonymous_8)","decl":{"start":{"line":6,"column":77},"end":{"line":6,"column":null}},"loc":{"start":{"line":6,"column":77},"end":{"line":21,"column":1}}},"2":{"name":"(anonymous_9)","decl":{"start":{"line":24,"column":36},"end":{"line":24,"column":43}},"loc":{"start":{"line":24,"column":74},"end":{"line":31,"column":null}}},"3":{"name":"(anonymous_10)","decl":{"start":{"line":24,"column":74},"end":{"line":24,"column":null}},"loc":{"start":{"line":24,"column":74},"end":{"line":31,"column":1}}},"4":{"name":"(anonymous_11)","decl":{"start":{"line":34,"column":40},"end":{"line":34,"column":47}},"loc":{"start":{"line":34,"column":78},"end":{"line":48,"column":null}}},"5":{"name":"(anonymous_12)","decl":{"start":{"line":34,"column":78},"end":{"line":34,"column":null}},"loc":{"start":{"line":34,"column":78},"end":{"line":48,"column":1}}},"6":{"name":"(anonymous_13)","decl":{"start":{"line":51,"column":39},"end":{"line":51,"column":46}},"loc":{"start":{"line":51,"column":77},"end":{"line":63,"column":null}}},"7":{"name":"(anonymous_14)","decl":{"start":{"line":51,"column":77},"end":{"line":51,"column":null}},"loc":{"start":{"line":51,"column":77},"end":{"line":63,"column":1}}},"8":{"name":"(anonymous_15)","decl":{"start":{"line":66,"column":39},"end":{"line":66,"column":46}},"loc":{"start":{"line":66,"column":77},"end":{"line":84,"column":null}}},"9":{"name":"(anonymous_16)","decl":{"start":{"line":66,"column":77},"end":{"line":66,"column":null}},"loc":{"start":{"line":66,"column":77},"end":{"line":84,"column":1}}}},"branchMap":{"0":{"loc":{"start":{"line":10,"column":8},"end":{"line":17,"column":9}},"type":"if","locations":[{"start":{"line":10,"column":8},"end":{"line":17,"column":9}},{"start":{"line":14,"column":15},"end":{"line":17,"column":9}}]},"1":{"loc":{"start":{"line":37,"column":8},"end":{"line":39,"column":9}},"type":"if","locations":[{"start":{"line":37,"column":8},"end":{"line":39,"column":9}}]},"2":{"loc":{"start":{"line":41,"column":8},"end":{"line":43,"column":9}},"type":"if","locations":[{"start":{"line":41,"column":8},"end":{"line":43,"column":9}}]},"3":{"loc":{"start":{"line":54,"column":8},"end":{"line":56,"column":9}},"type":"if","locations":[{"start":{"line":54,"column":8},"end":{"line":56,"column":9}}]},"4":{"loc":{"start":{"line":69,"column":8},"end":{"line":71,"column":9}},"type":"if","locations":[{"start":{"line":69,"column":8},"end":{"line":71,"column":9}}]},"5":{"loc":{"start":{"line":74,"column":8},"end":{"line":76,"column":9}},"type":"if","locations":[{"start":{"line":74,"column":8},"end":{"line":76,"column":9}}]},"6":{"loc":{"start":{"line":78,"column":8},"end":{"line":80,"column":9}},"type":"if","locations":[{"start":{"line":78,"column":8},"end":{"line":80,"column":9}}]}},"s":{"0":1,"1":1,"2":3,"3":3,"4":3,"5":3,"6":2,"7":1,"8":1,"9":1,"10":1,"11":1,"12":2,"13":2,"14":2,"15":1,"16":1,"17":1,"18":1,"19":4,"20":4,"21":4,"22":4,"23":1,"24":3,"25":2,"26":1,"27":1,"28":1,"29":1,"30":1,"31":3,"32":3,"33":3,"34":3,"35":1,"36":2,"37":2,"38":1,"39":1,"40":1,"41":1,"42":4,"43":4,"44":4,"45":4,"46":1,"47":3,"48":2,"49":1,"50":1,"51":1,"52":1,"53":1,"54":1},"f":{"0":3,"1":3,"2":2,"3":2,"4":4,"5":4,"6":3,"7":3,"8":4,"9":4},"b":{"0":[1,1],"1":[1],"2":[1],"3":[1],"4":[1],"5":[1],"6":[1]}}
,"C:\\Users\\HP\\OneDrive\\Desktop\\Dri_zzle\\src\\payment\\payment.service.ts": {"path":"C:\\Users\\HP\\OneDrive\\Desktop\\Dri_zzle\\src\\payment\\payment.service.ts","statementMap":{"0":{"start":{"line":1,"column":0},"end":{"line":1,"column":33}},"1":{"start":{"line":2,"column":0},"end":{"line":2,"column":60}},"2":{"start":{"line":3,"column":0},"end":{"line":3,"column":31}},"3":{"start":{"line":7,"column":36},"end":{"line":13,"column":null}},"4":{"start":{"line":7,"column":65},"end":{"line":13,"column":null}},"5":{"start":{"line":8,"column":23},"end":{"line":8,"column":80}},"6":{"start":{"line":9,"column":4},"end":{"line":11,"column":5}},"7":{"start":{"line":10,"column":8},"end":{"line":10,"column":24}},"8":{"start":{"line":12,"column":4},"end":{"line":12,"column":16}},"9":{"start":{"line":7,"column":13},"end":{"line":7,"column":36}},"10":{"start":{"line":16,"column":33},"end":{"line":19,"column":null}},"11":{"start":{"line":16,"column":44},"end":{"line":19,"column":null}},"12":{"start":{"line":17,"column":20},"end":{"line":17,"column":58}},"13":{"start":{"line":18,"column":4},"end":{"line":18,"column":19}},"14":{"start":{"line":16,"column":13},"end":{"line":16,"column":33}},"15":{"start":{"line":22,"column":37},"end":{"line":27,"column":null}},"16":{"start":{"line":22,"column":65},"end":{"line":27,"column":null}},"17":{"start":{"line":23,"column":20},"end":{"line":25,"column":6}},"18":{"start":{"line":26,"column":4},"end":{"line":26,"column":19}},"19":{"start":{"line":22,"column":13},"end":{"line":22,"column":37}},"20":{"start":{"line":30,"column":40},"end":{"line":33,"column":null}},"21":{"start":{"line":30,"column":88},"end":{"line":33,"column":null}},"22":{"start":{"line":31,"column":4},"end":{"line":31,"column":null}},"23":{"start":{"line":32,"column":4},"end":{"line":32,"column":42}},"24":{"start":{"line":30,"column":13},"end":{"line":30,"column":40}},"25":{"start":{"line":36,"column":36},"end":{"line":40,"column":null}},"26":{"start":{"line":36,"column":64},"end":{"line":40,"column":null}},"27":{"start":{"line":37,"column":4},"end":{"line":37,"column":79}},"28":{"start":{"line":38,"column":4},"end":{"line":38,"column":42}},"29":{"start":{"line":36,"column":13},"end":{"line":36,"column":36}}},"fnMap":{"0":{"name":"(anonymous_8)","decl":{"start":{"line":7,"column":36},"end":{"line":7,"column":43}},"loc":{"start":{"line":7,"column":65},"end":{"line":13,"column":null}}},"1":{"name":"(anonymous_9)","decl":{"start":{"line":7,"column":65},"end":{"line":7,"column":null}},"loc":{"start":{"line":7,"column":65},"end":{"line":13,"column":1}}},"2":{"name":"(anonymous_10)","decl":{"start":{"line":16,"column":33},"end":{"line":16,"column":42}},"loc":{"start":{"line":16,"column":44},"end":{"line":19,"column":null}}},"3":{"name":"(anonymous_11)","decl":{"start":{"line":16,"column":44},"end":{"line":16,"column":null}},"loc":{"start":{"line":16,"column":44},"end":{"line":19,"column":1}}},"4":{"name":"(anonymous_12)","decl":{"start":{"line":22,"column":37},"end":{"line":22,"column":44}},"loc":{"start":{"line":22,"column":65},"end":{"line":27,"column":null}}},"5":{"name":"(anonymous_13)","decl":{"start":{"line":22,"column":65},"end":{"line":22,"column":null}},"loc":{"start":{"line":22,"column":65},"end":{"line":27,"column":1}}},"6":{"name":"(anonymous_14)","decl":{"start":{"line":30,"column":40},"end":{"line":30,"column":47}},"loc":{"start":{"line":30,"column":88},"end":{"line":33,"column":null}}},"7":{"name":"(anonymous_15)","decl":{"start":{"line":30,"column":88},"end":{"line":30,"column":null}},"loc":{"start":{"line":30,"column":88},"end":{"line":33,"column":1}}},"8":{"name":"(anonymous_16)","decl":{"start":{"line":36,"column":36},"end":{"line":36,"column":43}},"loc":{"start":{"line":36,"column":64},"end":{"line":40,"column":null}}},"9":{"name":"(anonymous_17)","decl":{"start":{"line":36,"column":64},"end":{"line":36,"column":null}},"loc":{"start":{"line":36,"column":64},"end":{"line":40,"column":1}}}},"branchMap":{"0":{"loc":{"start":{"line":9,"column":4},"end":{"line":11,"column":5}},"type":"if","locations":[{"start":{"line":9,"column":4},"end":{"line":11,"column":5}}]}},"s":{"0":2,"1":2,"2":2,"3":2,"4":2,"5":2,"6":2,"7":1,"8":1,"9":2,"10":2,"11":2,"12":2,"13":2,"14":2,"15":2,"16":2,"17":2,"18":2,"19":2,"20":2,"21":1,"22":1,"23":1,"24":2,"25":2,"26":1,"27":1,"28":1,"29":2},"f":{"0":2,"1":2,"2":2,"3":2,"4":2,"5":2,"6":1,"7":1,"8":1,"9":1},"b":{"0":[1]}}
,"C:\\Users\\HP\\OneDrive\\Desktop\\Dri_zzle\\src\\reservations\\reservation.controller.ts": {"path":"C:\\Users\\HP\\OneDrive\\Desktop\\Dri_zzle\\src\\reservations\\reservation.controller.ts","statementMap":{"0":{"start":{"line":2,"column":0},"end":{"line":2,"column":171}},"1":{"start":{"line":5,"column":43},"end":{"line":20,"column":null}},"2":{"start":{"line":5,"column":81},"end":{"line":20,"column":null}},"3":{"start":{"line":6,"column":4},"end":{"line":19,"column":5}},"4":{"start":{"line":7,"column":28},"end":{"line":7,"column":36}},"5":{"start":{"line":8,"column":31},"end":{"line":8,"column":74}},"6":{"start":{"line":9,"column":8},"end":{"line":16,"column":9}},"7":{"start":{"line":10,"column":12},"end":{"line":12,"column":15}},"8":{"start":{"line":14,"column":12},"end":{"line":15,"column":58}},"9":{"start":{"line":18,"column":8},"end":{"line":18,"column":61}},"10":{"start":{"line":5,"column":13},"end":{"line":5,"column":43}},"11":{"start":{"line":23,"column":40},"end":{"line":30,"column":null}},"12":{"start":{"line":23,"column":78},"end":{"line":30,"column":null}},"13":{"start":{"line":24,"column":4},"end":{"line":29,"column":5}},"14":{"start":{"line":25,"column":28},"end":{"line":25,"column":57}},"15":{"start":{"line":26,"column":8},"end":{"line":26,"column":42}},"16":{"start":{"line":28,"column":8},"end":{"line":28,"column":62}},"17":{"start":{"line":23,"column":13},"end":{"line":23,"column":40}},"18":{"start":{"line":33,"column":44},"end":{"line":47,"column":null}},"19":{"start":{"line":33,"column":82},"end":{"line":47,"column":null}},"20":{"start":{"line":34,"column":4},"end":{"line":46,"column":5}},"21":{"start":{"line":35,"column":30},"end":{"line":35,"column":64}},"22":{"start":{"line":36,"column":8},"end":{"line":38,"column":9}},"23":{"start":{"line":37,"column":12},"end":{"line":37,"column":77}},"24":{"start":{"line":39,"column":28},"end":{"line":39,"column":74}},"25":{"start":{"line":40,"column":8},"end":{"line":42,"column":9}},"26":{"start":{"line":41,"column":12},"end":{"line":41,"column":53}},"27":{"start":{"line":43,"column":8},"end":{"line":43,"column":72}},"28":{"start":{"line":45,"column":8},"end":{"line":45,"column":62}},"29":{"start":{"line":33,"column":13},"end":{"line":33,"column":44}},"30":{"start":{"line":50,"column":43},"end":{"line":62,"column":null}},"31":{"start":{"line":50,"column":81},"end":{"line":62,"column":null}},"32":{"start":{"line":51,"column":4},"end":{"line":61,"column":5}},"33":{"start":{"line":52,"column":30},"end":{"line":52,"column":64}},"34":{"start":{"line":53,"column":8},"end":{"line":55,"column":9}},"35":{"start":{"line":54,"column":12},"end":{"line":54,"column":77}},"36":{"start":{"line":56,"column":28},"end":{"line":56,"column":36}},"37":{"start":{"line":57,"column":8},"end":{"line":57,"column":71}},"38":{"start":{"line":58,"column":8},"end":{"line":58,"column":85}},"39":{"start":{"line":60,"column":8},"end":{"line":60,"column":62}},"40":{"start":{"line":50,"column":13},"end":{"line":50,"column":43}},"41":{"start":{"line":65,"column":43},"end":{"line":83,"column":null}},"42":{"start":{"line":65,"column":81},"end":{"line":83,"column":null}},"43":{"start":{"line":66,"column":4},"end":{"line":82,"column":5}},"44":{"start":{"line":67,"column":30},"end":{"line":67,"column":64}},"45":{"start":{"line":68,"column":8},"end":{"line":70,"column":9}},"46":{"start":{"line":69,"column":12},"end":{"line":69,"column":77}},"47":{"start":{"line":72,"column":36},"end":{"line":72,"column":82}},"48":{"start":{"line":73,"column":8},"end":{"line":75,"column":9}},"49":{"start":{"line":74,"column":12},"end":{"line":74,"column":76}},"50":{"start":{"line":76,"column":24},"end":{"line":76,"column":69}},"51":{"start":{"line":77,"column":8},"end":{"line":79,"column":9}},"52":{"start":{"line":78,"column":12},"end":{"line":78,"column":87}},"53":{"start":{"line":81,"column":8},"end":{"line":81,"column":60}},"54":{"start":{"line":65,"column":13},"end":{"line":65,"column":43}}},"fnMap":{"0":{"name":"(anonymous_7)","decl":{"start":{"line":5,"column":43},"end":{"line":5,"column":50}},"loc":{"start":{"line":5,"column":81},"end":{"line":20,"column":null}}},"1":{"name":"(anonymous_8)","decl":{"start":{"line":5,"column":81},"end":{"line":5,"column":null}},"loc":{"start":{"line":5,"column":81},"end":{"line":20,"column":1}}},"2":{"name":"(anonymous_9)","decl":{"start":{"line":23,"column":40},"end":{"line":23,"column":47}},"loc":{"start":{"line":23,"column":78},"end":{"line":30,"column":null}}},"3":{"name":"(anonymous_10)","decl":{"start":{"line":23,"column":78},"end":{"line":23,"column":null}},"loc":{"start":{"line":23,"column":78},"end":{"line":30,"column":1}}},"4":{"name":"(anonymous_11)","decl":{"start":{"line":33,"column":44},"end":{"line":33,"column":51}},"loc":{"start":{"line":33,"column":82},"end":{"line":47,"column":null}}},"5":{"name":"(anonymous_12)","decl":{"start":{"line":33,"column":82},"end":{"line":33,"column":null}},"loc":{"start":{"line":33,"column":82},"end":{"line":47,"column":1}}},"6":{"name":"(anonymous_13)","decl":{"start":{"line":50,"column":43},"end":{"line":50,"column":50}},"loc":{"start":{"line":50,"column":81},"end":{"line":62,"column":null}}},"7":{"name":"(anonymous_14)","decl":{"start":{"line":50,"column":81},"end":{"line":50,"column":null}},"loc":{"start":{"line":50,"column":81},"end":{"line":62,"column":1}}},"8":{"name":"(anonymous_15)","decl":{"start":{"line":65,"column":43},"end":{"line":65,"column":50}},"loc":{"start":{"line":65,"column":81},"end":{"line":83,"column":null}}},"9":{"name":"(anonymous_16)","decl":{"start":{"line":65,"column":81},"end":{"line":65,"column":null}},"loc":{"start":{"line":65,"column":81},"end":{"line":83,"column":1}}}},"branchMap":{"0":{"loc":{"start":{"line":9,"column":8},"end":{"line":16,"column":9}},"type":"if","locations":[{"start":{"line":9,"column":8},"end":{"line":16,"column":9}},{"start":{"line":13,"column":15},"end":{"line":16,"column":9}}]},"1":{"loc":{"start":{"line":36,"column":8},"end":{"line":38,"column":9}},"type":"if","locations":[{"start":{"line":36,"column":8},"end":{"line":38,"column":9}}]},"2":{"loc":{"start":{"line":36,"column":12},"end":{"line":36,"column":50}},"type":"binary-expr","locations":[{"start":{"line":36,"column":12},"end":{"line":36,"column":32}},{"start":{"line":36,"column":36},"end":{"line":36,"column":50}}]},"3":{"loc":{"start":{"line":40,"column":8},"end":{"line":42,"column":9}},"type":"if","locations":[{"start":{"line":40,"column":8},"end":{"line":42,"column":9}}]},"4":{"loc":{"start":{"line":53,"column":8},"end":{"line":55,"column":9}},"type":"if","locations":[{"start":{"line":53,"column":8},"end":{"line":55,"column":9}}]},"5":{"loc":{"start":{"line":68,"column":8},"end":{"line":70,"column":9}},"type":"if","locations":[{"start":{"line":68,"column":8},"end":{"line":70,"column":9}}]},"6":{"loc":{"start":{"line":73,"column":8},"end":{"line":75,"column":9}},"type":"if","locations":[{"start":{"line":73,"column":8},"end":{"line":75,"column":9}}]},"7":{"loc":{"start":{"line":77,"column":8},"end":{"line":79,"column":9}},"type":"if","locations":[{"start":{"line":77,"column":8},"end":{"line":79,"column":9}}]}},"s":{"0":1,"1":1,"2":3,"3":3,"4":3,"5":3,"6":2,"7":1,"8":1,"9":1,"10":1,"11":1,"12":2,"13":2,"14":2,"15":1,"16":1,"17":1,"18":1,"19":4,"20":4,"21":4,"22":4,"23":1,"24":3,"25":2,"26":1,"27":1,"28":1,"29":1,"30":1,"31":3,"32":3,"33":3,"34":3,"35":1,"36":2,"37":2,"38":1,"39":1,"40":1,"41":1,"42":4,"43":4,"44":4,"45":4,"46":1,"47":3,"48":2,"49":1,"50":1,"51":1,"52":1,"53":1,"54":1},"f":{"0":3,"1":3,"2":2,"3":2,"4":4,"5":4,"6":3,"7":3,"8":4,"9":4},"b":{"0":[1,1],"1":[1],"2":[4,3],"3":[1],"4":[1],"5":[1],"6":[1],"7":[1]}}
,"C:\\Users\\HP\\OneDrive\\Desktop\\Dri_zzle\\src\\reservations\\reservation.service.ts": {"path":"C:\\Users\\HP\\OneDrive\\Desktop\\Dri_zzle\\src\\reservations\\reservation.service.ts","statementMap":{"0":{"start":{"line":1,"column":0},"end":{"line":1,"column":33}},"1":{"start":{"line":2,"column":0},"end":{"line":2,"column":68}},"2":{"start":{"line":3,"column":0},"end":{"line":3,"column":31}},"3":{"start":{"line":7,"column":40},"end":{"line":13,"column":null}},"4":{"start":{"line":7,"column":77},"end":{"line":13,"column":null}},"5":{"start":{"line":8,"column":21},"end":{"line":8,"column":86}},"6":{"start":{"line":9,"column":4},"end":{"line":11,"column":5}},"7":{"start":{"line":10,"column":8},"end":{"line":10,"column":27}},"8":{"start":{"line":12,"column":4},"end":{"line":12,"column":16}},"9":{"start":{"line":7,"column":13},"end":{"line":7,"column":40}},"10":{"start":{"line":17,"column":37},"end":{"line":20,"column":null}},"11":{"start":{"line":17,"column":48},"end":{"line":20,"column":null}},"12":{"start":{"line":18,"column":24},"end":{"line":18,"column":66}},"13":{"start":{"line":19,"column":4},"end":{"line":19,"column":23}},"14":{"start":{"line":17,"column":13},"end":{"line":17,"column":37}},"15":{"start":{"line":23,"column":41},"end":{"line":28,"column":null}},"16":{"start":{"line":23,"column":73},"end":{"line":28,"column":null}},"17":{"start":{"line":24,"column":24},"end":{"line":26,"column":6}},"18":{"start":{"line":27,"column":4},"end":{"line":27,"column":23}},"19":{"start":{"line":23,"column":13},"end":{"line":23,"column":41}},"20":{"start":{"line":31,"column":44},"end":{"line":34,"column":null}},"21":{"start":{"line":31,"column":104},"end":{"line":34,"column":null}},"22":{"start":{"line":32,"column":4},"end":{"line":32,"column":null}},"23":{"start":{"line":33,"column":4},"end":{"line":33,"column":46}},"24":{"start":{"line":31,"column":13},"end":{"line":31,"column":44}},"25":{"start":{"line":37,"column":40},"end":{"line":41,"column":null}},"26":{"start":{"line":37,"column":72},"end":{"line":41,"column":null}},"27":{"start":{"line":38,"column":4},"end":{"line":38,"column":95}},"28":{"start":{"line":39,"column":4},"end":{"line":39,"column":46}},"29":{"start":{"line":37,"column":13},"end":{"line":37,"column":40}}},"fnMap":{"0":{"name":"(anonymous_8)","decl":{"start":{"line":7,"column":40},"end":{"line":7,"column":47}},"loc":{"start":{"line":7,"column":77},"end":{"line":13,"column":null}}},"1":{"name":"(anonymous_9)","decl":{"start":{"line":7,"column":77},"end":{"line":7,"column":null}},"loc":{"start":{"line":7,"column":77},"end":{"line":13,"column":1}}},"2":{"name":"(anonymous_10)","decl":{"start":{"line":17,"column":37},"end":{"line":17,"column":46}},"loc":{"start":{"line":17,"column":48},"end":{"line":20,"column":null}}},"3":{"name":"(anonymous_11)","decl":{"start":{"line":17,"column":48},"end":{"line":17,"column":null}},"loc":{"start":{"line":17,"column":48},"end":{"line":20,"column":1}}},"4":{"name":"(anonymous_12)","decl":{"start":{"line":23,"column":41},"end":{"line":23,"column":48}},"loc":{"start":{"line":23,"column":73},"end":{"line":28,"column":null}}},"5":{"name":"(anonymous_13)","decl":{"start":{"line":23,"column":73},"end":{"line":23,"column":null}},"loc":{"start":{"line":23,"column":73},"end":{"line":28,"column":1}}},"6":{"name":"(anonymous_14)","decl":{"start":{"line":31,"column":44},"end":{"line":31,"column":51}},"loc":{"start":{"line":31,"column":104},"end":{"line":34,"column":null}}},"7":{"name":"(anonymous_15)","decl":{"start":{"line":31,"column":104},"end":{"line":31,"column":null}},"loc":{"start":{"line":31,"column":104},"end":{"line":34,"column":1}}},"8":{"name":"(anonymous_16)","decl":{"start":{"line":37,"column":40},"end":{"line":37,"column":47}},"loc":{"start":{"line":37,"column":72},"end":{"line":41,"column":null}}},"9":{"name":"(anonymous_17)","decl":{"start":{"line":37,"column":72},"end":{"line":37,"column":null}},"loc":{"start":{"line":37,"column":72},"end":{"line":41,"column":1}}}},"branchMap":{"0":{"loc":{"start":{"line":9,"column":4},"end":{"line":11,"column":5}},"type":"if","locations":[{"start":{"line":9,"column":4},"end":{"line":11,"column":5}}]}},"s":{"0":2,"1":2,"2":2,"3":2,"4":2,"5":2,"6":2,"7":1,"8":1,"9":2,"10":2,"11":2,"12":2,"13":2,"14":2,"15":2,"16":2,"17":2,"18":2,"19":2,"20":2,"21":1,"22":1,"23":1,"24":2,"25":2,"26":1,"27":1,"28":1,"29":2},"f":{"0":2,"1":2,"2":2,"3":2,"4":2,"5":2,"6":1,"7":1,"8":1,"9":1},"b":{"0":[1]}}
}
