TN:
SF:src\booking\booking.service.ts
FN:7,(anonymous_8)
FN:7,(anonymous_9)
FN:16,(anonymous_10)
FN:16,(anonymous_11)
FN:22,(anonymous_12)
FN:22,(anonymous_13)
FN:30,(anonymous_14)
FN:30,(anonymous_15)
FN:36,(anonymous_16)
FN:36,(anonymous_17)
FN:43,(anonymous_18)
FN:43,(anonymous_19)
FN:49,(anonymous_20)
FNF:13
FNH:10
FNDA:2,(anonymous_8)
FNDA:2,(anonymous_9)
FNDA:2,(anonymous_10)
FNDA:2,(anonymous_11)
FNDA:2,(anonymous_12)
FNDA:2,(anonymous_13)
FNDA:1,(anonymous_14)
FNDA:1,(anonymous_15)
FNDA:1,(anonymous_16)
FNDA:1,(anonymous_17)
FNDA:0,(anonymous_18)
FNDA:0,(anonymous_19)
FNDA:0,(anonymous_20)
DA:1,1
DA:2,1
DA:3,1
DA:7,2
DA:8,2
DA:9,2
DA:10,1
DA:12,1
DA:16,2
DA:17,2
DA:18,2
DA:22,2
DA:23,2
DA:26,2
DA:30,1
DA:31,1
DA:32,1
DA:36,1
DA:37,1
DA:38,1
DA:43,1
DA:44,0
DA:49,0
LF:23
LH:21
BRDA:9,0,0,1
BRDA:49,1,0,0
BRDA:49,1,1,0
BRF:3
BRH:1
end_of_record
TN:
SF:src\cars\car.service.ts
FN:8,(anonymous_8)
FN:8,(anonymous_9)
FN:17,(anonymous_10)
FN:17,(anonymous_11)
FN:23,(anonymous_12)
FN:23,(anonymous_13)
FN:31,(anonymous_14)
FN:31,(anonymous_15)
FN:37,(anonymous_16)
FN:37,(anonymous_17)
FN:44,(anonymous_18)
FN:44,(anonymous_19)
FN:48,(anonymous_20)
FNF:13
FNH:10
FNDA:2,(anonymous_8)
FNDA:2,(anonymous_9)
FNDA:2,(anonymous_10)
FNDA:2,(anonymous_11)
FNDA:2,(anonymous_12)
FNDA:2,(anonymous_13)
FNDA:1,(anonymous_14)
FNDA:1,(anonymous_15)
FNDA:1,(anonymous_16)
FNDA:1,(anonymous_17)
FNDA:0,(anonymous_18)
FNDA:0,(anonymous_19)
FNDA:0,(anonymous_20)
DA:1,1
DA:2,1
DA:3,1
DA:8,2
DA:9,2
DA:10,2
DA:11,1
DA:13,1
DA:17,2
DA:18,2
DA:19,2
DA:23,2
DA:24,2
DA:27,2
DA:31,1
DA:32,1
DA:33,1
DA:37,1
DA:38,1
DA:39,1
DA:44,1
DA:45,0
DA:48,0
LF:23
LH:21
BRDA:10,0,0,1
BRDA:48,1,0,0
BRDA:48,1,1,0
BRF:3
BRH:1
end_of_record
TN:
SF:src\customers\customer.service.ts
FN:8,(anonymous_8)
FN:8,(anonymous_9)
FN:17,(anonymous_10)
FN:17,(anonymous_11)
FN:23,(anonymous_12)
FN:23,(anonymous_13)
FN:31,(anonymous_14)
FN:31,(anonymous_15)
FN:37,(anonymous_16)
FN:37,(anonymous_17)
FN:43,(anonymous_18)
FN:43,(anonymous_19)
FN:61,(anonymous_20)
FN:61,(anonymous_21)
FNF:14
FNH:10
FNDA:2,(anonymous_8)
FNDA:2,(anonymous_9)
FNDA:2,(anonymous_10)
FNDA:2,(anonymous_11)
FNDA:2,(anonymous_12)
FNDA:2,(anonymous_13)
FNDA:1,(anonymous_14)
FNDA:1,(anonymous_15)
FNDA:1,(anonymous_16)
FNDA:1,(anonymous_17)
FNDA:0,(anonymous_18)
FNDA:0,(anonymous_19)
FNDA:0,(anonymous_20)
FNDA:0,(anonymous_21)
DA:2,1
DA:3,1
DA:4,1
DA:8,2
DA:9,2
DA:10,2
DA:11,1
DA:13,1
DA:17,2
DA:18,2
DA:19,2
DA:23,2
DA:24,2
DA:27,2
DA:31,1
DA:32,1
DA:33,1
DA:37,1
DA:38,1
DA:39,1
DA:43,1
DA:44,0
DA:57,0
DA:61,1
DA:62,0
DA:75,0
LF:26
LH:22
BRDA:10,0,0,1
BRF:1
BRH:1
end_of_record
TN:
SF:src\drizzle\schema.ts
FN:38,(anonymous_0)
FN:44,(anonymous_1)
FN:45,(anonymous_2)
FN:54,(anonymous_3)
FN:55,(anonymous_4)
FN:64,(anonymous_5)
FN:73,(anonymous_6)
FN:84,(anonymous_7)
FN:95,(anonymous_8)
FN:101,(anonymous_9)
FN:106,(anonymous_10)
FN:118,(anonymous_11)
FN:130,(anonymous_12)
FN:143,(anonymous_13)
FN:151,(anonymous_14)
FN:159,(anonymous_15)
FNF:16
FNH:0
FNDA:0,(anonymous_0)
FNDA:0,(anonymous_1)
FNDA:0,(anonymous_2)
FNDA:0,(anonymous_3)
FNDA:0,(anonymous_4)
FNDA:0,(anonymous_5)
FNDA:0,(anonymous_6)
FNDA:0,(anonymous_7)
FNDA:0,(anonymous_8)
FNDA:0,(anonymous_9)
FNDA:0,(anonymous_10)
FNDA:0,(anonymous_11)
FNDA:0,(anonymous_12)
FNDA:0,(anonymous_13)
FNDA:0,(anonymous_14)
FNDA:0,(anonymous_15)
DA:2,6
DA:3,6
DA:6,6
DA:9,6
DA:23,6
DA:31,6
DA:38,0
DA:42,6
DA:44,0
DA:45,0
DA:52,6
DA:54,0
DA:55,0
DA:62,6
DA:64,0
DA:71,6
DA:73,0
DA:82,6
DA:84,0
DA:95,6
DA:101,6
DA:106,6
DA:118,6
DA:130,6
DA:143,6
DA:151,6
DA:159,6
LF:27
LH:19
BRF:0
BRH:0
end_of_record
TN:
SF:src\insurance\insurance.service.ts
FN:9,(anonymous_8)
FN:9,(anonymous_9)
FN:18,(anonymous_10)
FN:18,(anonymous_11)
FN:24,(anonymous_12)
FN:24,(anonymous_13)
FN:32,(anonymous_14)
FN:32,(anonymous_15)
FN:38,(anonymous_16)
FN:38,(anonymous_17)
FNF:10
FNH:10
FNDA:2,(anonymous_8)
FNDA:2,(anonymous_9)
FNDA:2,(anonymous_10)
FNDA:2,(anonymous_11)
FNDA:2,(anonymous_12)
FNDA:2,(anonymous_13)
FNDA:1,(anonymous_14)
FNDA:1,(anonymous_15)
FNDA:1,(anonymous_16)
FNDA:1,(anonymous_17)
DA:1,1
DA:2,1
DA:3,1
DA:9,2
DA:10,2
DA:11,2
DA:12,1
DA:14,1
DA:18,2
DA:19,2
DA:20,2
DA:24,2
DA:25,2
DA:28,2
DA:32,1
DA:33,1
DA:34,1
DA:38,1
DA:39,1
DA:40,1
LF:20
LH:20
BRDA:11,0,0,1
BRF:1
BRH:1
end_of_record
TN:
SF:src\location\location.service.ts
FN:7,(anonymous_8)
FN:7,(anonymous_9)
FN:16,(anonymous_10)
FN:16,(anonymous_11)
FN:22,(anonymous_12)
FN:22,(anonymous_13)
FN:30,(anonymous_14)
FN:30,(anonymous_15)
FN:36,(anonymous_16)
FN:36,(anonymous_17)
FNF:10
FNH:10
FNDA:2,(anonymous_8)
FNDA:2,(anonymous_9)
FNDA:2,(anonymous_10)
FNDA:2,(anonymous_11)
FNDA:2,(anonymous_12)
FNDA:2,(anonymous_13)
FNDA:1,(anonymous_14)
FNDA:1,(anonymous_15)
FNDA:1,(anonymous_16)
FNDA:1,(anonymous_17)
DA:1,1
DA:2,1
DA:3,1
DA:7,2
DA:8,2
DA:9,2
DA:10,1
DA:12,1
DA:16,2
DA:17,2
DA:18,2
DA:22,2
DA:23,2
DA:26,2
DA:30,1
DA:31,1
DA:32,1
DA:36,1
DA:37,1
DA:38,1
LF:20
LH:20
BRDA:9,0,0,1
BRF:1
BRH:1
end_of_record
TN:
SF:src\maintenance\maintenance.service.ts
FN:7,(anonymous_8)
FN:7,(anonymous_9)
FN:16,(anonymous_10)
FN:16,(anonymous_11)
FN:22,(anonymous_12)
FN:22,(anonymous_13)
FN:30,(anonymous_14)
FN:30,(anonymous_15)
FN:36,(anonymous_16)
FN:36,(anonymous_17)
FNF:10
FNH:10
FNDA:2,(anonymous_8)
FNDA:2,(anonymous_9)
FNDA:2,(anonymous_10)
FNDA:2,(anonymous_11)
FNDA:2,(anonymous_12)
FNDA:2,(anonymous_13)
FNDA:1,(anonymous_14)
FNDA:1,(anonymous_15)
FNDA:1,(anonymous_16)
FNDA:1,(anonymous_17)
DA:1,1
DA:2,1
DA:3,1
DA:7,2
DA:8,2
DA:9,2
DA:10,1
DA:12,1
DA:16,2
DA:17,2
DA:18,2
DA:22,2
DA:23,2
DA:26,2
DA:30,1
DA:31,1
DA:32,1
DA:36,1
DA:37,1
DA:38,1
LF:20
LH:20
BRDA:9,0,0,1
BRF:1
BRH:1
end_of_record
