TN:
SF:src\auth\auth.controller.ts
FN:5,(anonymous_7)
FN:5,(anonymous_8)
FN:19,(anonymous_9)
FN:19,(anonymous_10)
FN:45,(anonymous_11)
FN:45,(anonymous_12)
FN:62,(anonymous_13)
FN:62,(anonymous_14)
FNF:8
FNH:8
FNDA:2,(anonymous_7)
FNDA:2,(anonymous_8)
FNDA:3,(anonymous_9)
FNDA:3,(anonymous_10)
FNDA:5,(anonymous_11)
FNDA:5,(anonymous_12)
FNDA:2,(anonymous_13)
FNDA:2,(anonymous_14)
DA:2,1
DA:5,2
DA:6,2
DA:7,2
DA:8,1
DA:14,1
DA:19,3
DA:20,3
DA:21,3
DA:23,3
DA:24,1
DA:26,2
DA:28,1
DA:40,1
DA:45,5
DA:47,5
DA:48,5
DA:49,3
DA:51,2
DA:52,2
DA:53,1
DA:58,1
DA:62,2
DA:63,2
DA:64,2
DA:65,2
DA:66,1
DA:68,1
LF:28
LH:28
BRDA:23,0,0,1
BRDA:23,1,0,3
BRDA:23,1,1,2
BRDA:23,1,2,2
BRDA:23,1,3,2
BRDA:23,1,4,2
BRDA:48,2,0,3
BRDA:48,3,0,5
BRDA:48,3,1,3
BRF:9
BRH:9
end_of_record
TN:
SF:src\auth\auth.service.ts
FN:10,(anonymous_8)
FN:10,(anonymous_9)
FN:36,(anonymous_10)
FN:36,(anonymous_11)
FN:67,(anonymous_12)
FN:67,(anonymous_13)
FN:68,(anonymous_14)
FN:84,(anonymous_15)
FN:84,(anonymous_16)
FNF:9
FNH:0
FNDA:0,(anonymous_8)
FNDA:0,(anonymous_9)
FNDA:0,(anonymous_10)
FNDA:0,(anonymous_11)
FNDA:0,(anonymous_12)
FNDA:0,(anonymous_13)
FNDA:0,(anonymous_14)
FNDA:0,(anonymous_15)
FNDA:0,(anonymous_16)
DA:1,1
DA:2,1
DA:3,1
DA:4,1
DA:5,1
DA:6,1
DA:7,1
DA:10,1
DA:11,0
DA:14,0
DA:15,0
DA:22,0
DA:23,0
DA:24,0
DA:27,0
DA:29,0
DA:31,0
DA:32,0
DA:36,1
DA:37,0
DA:40,0
DA:42,0
DA:50,0
DA:51,0
DA:52,0
DA:55,0
DA:60,0
DA:61,0
DA:63,0
DA:67,1
DA:68,0
DA:69,0
DA:70,0
DA:72,0
DA:74,0
DA:75,0
DA:76,0
DA:78,0
DA:81,0
DA:84,1
DA:86,0
DA:90,0
DA:91,0
DA:93,0
DA:96,0
LF:45
LH:11
BRDA:18,0,0,0
BRDA:18,0,1,0
BRDA:23,1,0,0
BRDA:51,2,0,0
BRDA:69,3,0,0
BRDA:75,4,0,0
BRDA:90,5,0,0
BRF:7
BRH:0
end_of_record
TN:
SF:src\booking\booking.controller.ts
FN:7,(anonymous_7)
FN:7,(anonymous_8)
FN:25,(anonymous_9)
FN:25,(anonymous_10)
FN:35,(anonymous_11)
FN:35,(anonymous_12)
FN:52,(anonymous_13)
FN:52,(anonymous_14)
FN:67,(anonymous_15)
FN:67,(anonymous_16)
FN:88,(anonymous_17)
FN:88,(anonymous_18)
FNF:12
FNH:12
FNDA:3,(anonymous_7)
FNDA:3,(anonymous_8)
FNDA:2,(anonymous_9)
FNDA:2,(anonymous_10)
FNDA:4,(anonymous_11)
FNDA:4,(anonymous_12)
FNDA:3,(anonymous_13)
FNDA:3,(anonymous_14)
FNDA:4,(anonymous_15)
FNDA:4,(anonymous_16)
FNDA:2,(anonymous_17)
FNDA:2,(anonymous_18)
DA:2,1
DA:7,3
DA:8,3
DA:9,3
DA:10,3
DA:11,2
DA:12,1
DA:16,1
DA:20,1
DA:25,2
DA:26,2
DA:27,2
DA:28,1
DA:30,1
DA:35,4
DA:36,4
DA:37,4
DA:38,4
DA:39,1
DA:41,3
DA:42,2
DA:43,1
DA:45,1
DA:47,1
DA:52,3
DA:53,3
DA:54,3
DA:55,3
DA:56,1
DA:58,2
DA:59,2
DA:60,1
DA:62,1
DA:67,4
DA:68,4
DA:69,4
DA:70,4
DA:71,1
DA:74,3
DA:75,2
DA:76,1
DA:78,1
DA:79,1
DA:80,1
DA:83,1
DA:88,2
DA:89,2
DA:90,2
DA:91,1
DA:93,1
LF:50
LH:50
BRDA:11,0,0,1
BRDA:11,0,1,1
BRDA:38,1,0,1
BRDA:42,2,0,1
BRDA:55,3,0,1
BRDA:70,4,0,1
BRDA:75,5,0,1
BRDA:79,6,0,1
BRF:8
BRH:8
end_of_record
TN:
SF:src\booking\booking.service.ts
FN:7,(anonymous_8)
FN:7,(anonymous_9)
FN:16,(anonymous_10)
FN:16,(anonymous_11)
FN:22,(anonymous_12)
FN:22,(anonymous_13)
FN:30,(anonymous_14)
FN:30,(anonymous_15)
FN:36,(anonymous_16)
FN:36,(anonymous_17)
FN:43,(anonymous_18)
FN:43,(anonymous_19)
FN:49,(anonymous_20)
FNF:13
FNH:10
FNDA:2,(anonymous_8)
FNDA:2,(anonymous_9)
FNDA:2,(anonymous_10)
FNDA:2,(anonymous_11)
FNDA:2,(anonymous_12)
FNDA:2,(anonymous_13)
FNDA:1,(anonymous_14)
FNDA:1,(anonymous_15)
FNDA:1,(anonymous_16)
FNDA:1,(anonymous_17)
FNDA:0,(anonymous_18)
FNDA:0,(anonymous_19)
FNDA:0,(anonymous_20)
DA:1,2
DA:2,2
DA:3,2
DA:7,2
DA:8,2
DA:9,2
DA:10,1
DA:12,1
DA:16,2
DA:17,2
DA:18,2
DA:22,2
DA:23,2
DA:26,2
DA:30,2
DA:31,1
DA:32,1
DA:36,2
DA:37,1
DA:38,1
DA:43,2
DA:44,0
DA:49,0
LF:23
LH:21
BRDA:9,0,0,1
BRDA:49,1,0,0
BRDA:49,1,1,0
BRF:3
BRH:1
end_of_record
TN:
SF:src\cars\car.controller.ts
FN:7,(anonymous_7)
FN:7,(anonymous_8)
FN:25,(anonymous_9)
FN:25,(anonymous_10)
FN:35,(anonymous_11)
FN:35,(anonymous_12)
FN:52,(anonymous_13)
FN:52,(anonymous_14)
FN:67,(anonymous_15)
FN:67,(anonymous_16)
FN:88,(anonymous_17)
FN:88,(anonymous_18)
FNF:12
FNH:12
FNDA:3,(anonymous_7)
FNDA:3,(anonymous_8)
FNDA:2,(anonymous_9)
FNDA:2,(anonymous_10)
FNDA:4,(anonymous_11)
FNDA:4,(anonymous_12)
FNDA:3,(anonymous_13)
FNDA:3,(anonymous_14)
FNDA:4,(anonymous_15)
FNDA:4,(anonymous_16)
FNDA:2,(anonymous_17)
FNDA:2,(anonymous_18)
DA:2,1
DA:7,3
DA:8,3
DA:9,3
DA:10,3
DA:11,2
DA:12,1
DA:16,1
DA:20,1
DA:25,2
DA:26,2
DA:27,2
DA:28,1
DA:30,1
DA:35,4
DA:36,4
DA:37,4
DA:38,4
DA:39,1
DA:41,3
DA:42,2
DA:43,1
DA:45,1
DA:47,1
DA:52,3
DA:53,3
DA:54,3
DA:55,3
DA:56,1
DA:58,2
DA:59,2
DA:60,1
DA:62,1
DA:67,4
DA:68,4
DA:69,4
DA:70,4
DA:71,1
DA:74,3
DA:75,3
DA:76,1
DA:78,2
DA:79,1
DA:80,1
DA:83,1
DA:88,2
DA:89,2
DA:90,2
DA:91,1
DA:93,1
LF:50
LH:50
BRDA:11,0,0,1
BRDA:11,0,1,1
BRDA:38,1,0,1
BRDA:42,2,0,1
BRDA:55,3,0,1
BRDA:70,4,0,1
BRDA:75,5,0,1
BRDA:79,6,0,1
BRF:8
BRH:8
end_of_record
TN:
SF:src\cars\car.service.ts
FN:8,(anonymous_8)
FN:8,(anonymous_9)
FN:17,(anonymous_10)
FN:17,(anonymous_11)
FN:23,(anonymous_12)
FN:23,(anonymous_13)
FN:31,(anonymous_14)
FN:31,(anonymous_15)
FN:37,(anonymous_16)
FN:37,(anonymous_17)
FN:44,(anonymous_18)
FN:44,(anonymous_19)
FN:48,(anonymous_20)
FNF:13
FNH:13
FNDA:2,(anonymous_8)
FNDA:2,(anonymous_9)
FNDA:2,(anonymous_10)
FNDA:2,(anonymous_11)
FNDA:2,(anonymous_12)
FNDA:2,(anonymous_13)
FNDA:1,(anonymous_14)
FNDA:1,(anonymous_15)
FNDA:1,(anonymous_16)
FNDA:1,(anonymous_17)
FNDA:3,(anonymous_18)
FNDA:3,(anonymous_19)
FNDA:3,(anonymous_20)
DA:1,2
DA:2,2
DA:3,2
DA:8,2
DA:9,2
DA:10,2
DA:11,1
DA:13,1
DA:17,2
DA:18,2
DA:19,2
DA:23,2
DA:24,2
DA:27,2
DA:31,2
DA:32,1
DA:33,1
DA:37,2
DA:38,1
DA:39,1
DA:44,3
DA:45,3
DA:48,3
LF:23
LH:23
BRDA:10,0,0,1
BRDA:48,1,0,3
BRDA:48,1,1,1
BRF:3
BRH:3
end_of_record
TN:
SF:src\customers\customer.controller.ts
FN:8,(anonymous_8)
FN:8,(anonymous_9)
FN:27,(anonymous_10)
FN:27,(anonymous_11)
FN:37,(anonymous_12)
FN:37,(anonymous_13)
FN:54,(anonymous_14)
FN:54,(anonymous_15)
FN:83,(anonymous_16)
FN:83,(anonymous_17)
FN:104,(anonymous_18)
FN:104,(anonymous_19)
FN:121,(anonymous_20)
FN:121,(anonymous_21)
FNF:14
FNH:14
FNDA:3,(anonymous_8)
FNDA:3,(anonymous_9)
FNDA:2,(anonymous_10)
FNDA:2,(anonymous_11)
FNDA:4,(anonymous_12)
FNDA:4,(anonymous_13)
FNDA:3,(anonymous_14)
FNDA:3,(anonymous_15)
FNDA:4,(anonymous_16)
FNDA:4,(anonymous_17)
FNDA:4,(anonymous_18)
FNDA:4,(anonymous_19)
FNDA:4,(anonymous_20)
FNDA:4,(anonymous_21)
DA:2,1
DA:3,1
DA:4,1
DA:5,1
DA:8,3
DA:9,3
DA:10,3
DA:11,3
DA:12,2
DA:13,1
DA:14,1
DA:18,1
DA:22,1
DA:27,2
DA:28,2
DA:29,2
DA:30,1
DA:32,1
DA:37,4
DA:38,4
DA:39,4
DA:40,4
DA:41,1
DA:43,3
DA:44,2
DA:45,1
DA:47,1
DA:49,1
DA:54,3
DA:55,3
DA:56,3
DA:57,3
DA:58,1
DA:60,2
DA:61,2
DA:62,2
DA:63,2
DA:64,2
DA:65,2
DA:68,2
DA:71,2
DA:72,1
DA:78,1
DA:83,4
DA:84,4
DA:85,4
DA:86,4
DA:87,1
DA:90,3
DA:91,3
DA:92,1
DA:94,2
DA:95,1
DA:96,1
DA:99,1
DA:104,4
DA:105,4
DA:106,4
DA:107,4
DA:108,1
DA:110,3
DA:111,2
DA:112,1
DA:114,1
DA:116,1
DA:121,4
DA:122,4
DA:123,4
DA:124,4
DA:125,1
DA:127,3
DA:128,2
DA:129,1
DA:131,1
DA:133,1
LF:75
LH:75
BRDA:12,0,0,1
BRDA:12,0,1,1
BRDA:40,1,0,1
BRDA:44,2,0,1
BRDA:57,3,0,1
BRDA:62,4,0,2
BRDA:86,5,0,1
BRDA:91,6,0,1
BRDA:95,7,0,1
BRDA:107,8,0,1
BRDA:111,9,0,1
BRDA:124,10,0,1
BRDA:128,11,0,1
BRF:13
BRH:13
end_of_record
TN:
SF:src\customers\customer.service.ts
FN:8,(anonymous_8)
FN:8,(anonymous_9)
FN:17,(anonymous_10)
FN:17,(anonymous_11)
FN:23,(anonymous_12)
FN:23,(anonymous_13)
FN:31,(anonymous_14)
FN:31,(anonymous_15)
FN:37,(anonymous_16)
FN:37,(anonymous_17)
FN:43,(anonymous_18)
FN:43,(anonymous_19)
FN:61,(anonymous_20)
FN:61,(anonymous_21)
FNF:14
FNH:10
FNDA:2,(anonymous_8)
FNDA:2,(anonymous_9)
FNDA:2,(anonymous_10)
FNDA:2,(anonymous_11)
FNDA:2,(anonymous_12)
FNDA:2,(anonymous_13)
FNDA:1,(anonymous_14)
FNDA:1,(anonymous_15)
FNDA:1,(anonymous_16)
FNDA:1,(anonymous_17)
FNDA:0,(anonymous_18)
FNDA:0,(anonymous_19)
FNDA:0,(anonymous_20)
FNDA:0,(anonymous_21)
DA:2,2
DA:3,2
DA:4,2
DA:8,2
DA:9,2
DA:10,2
DA:11,1
DA:13,1
DA:17,2
DA:18,2
DA:19,2
DA:23,2
DA:24,2
DA:27,2
DA:31,2
DA:32,1
DA:33,1
DA:37,2
DA:38,1
DA:39,1
DA:43,2
DA:44,0
DA:57,0
DA:61,2
DA:62,0
DA:75,0
LF:26
LH:22
BRDA:10,0,0,1
BRF:1
BRH:1
end_of_record
TN:
SF:src\insurance\insurance.controller.ts
FN:6,(anonymous_7)
FN:6,(anonymous_8)
FN:24,(anonymous_9)
FN:24,(anonymous_10)
FN:34,(anonymous_11)
FN:34,(anonymous_12)
FN:51,(anonymous_13)
FN:51,(anonymous_14)
FN:66,(anonymous_15)
FN:66,(anonymous_16)
FNF:10
FNH:10
FNDA:3,(anonymous_7)
FNDA:3,(anonymous_8)
FNDA:2,(anonymous_9)
FNDA:2,(anonymous_10)
FNDA:4,(anonymous_11)
FNDA:4,(anonymous_12)
FNDA:3,(anonymous_13)
FNDA:3,(anonymous_14)
FNDA:4,(anonymous_15)
FNDA:4,(anonymous_16)
DA:2,1
DA:6,3
DA:7,3
DA:8,3
DA:9,3
DA:10,2
DA:11,1
DA:15,1
DA:19,1
DA:24,2
DA:25,2
DA:26,2
DA:27,1
DA:29,1
DA:34,4
DA:35,4
DA:36,4
DA:37,4
DA:38,1
DA:40,3
DA:41,2
DA:42,1
DA:44,1
DA:46,1
DA:51,3
DA:52,3
DA:53,3
DA:54,3
DA:55,1
DA:57,2
DA:58,2
DA:59,1
DA:61,1
DA:66,4
DA:67,4
DA:68,4
DA:69,4
DA:70,1
DA:73,3
DA:74,2
DA:75,1
DA:77,1
DA:78,1
DA:79,1
DA:82,1
LF:45
LH:45
BRDA:10,0,0,1
BRDA:10,0,1,1
BRDA:37,1,0,1
BRDA:41,2,0,1
BRDA:54,3,0,1
BRDA:69,4,0,1
BRDA:74,5,0,1
BRDA:78,6,0,1
BRF:8
BRH:8
end_of_record
TN:
SF:src\insurance\insurance.service.ts
FN:9,(anonymous_8)
FN:9,(anonymous_9)
FN:18,(anonymous_10)
FN:18,(anonymous_11)
FN:24,(anonymous_12)
FN:24,(anonymous_13)
FN:32,(anonymous_14)
FN:32,(anonymous_15)
FN:38,(anonymous_16)
FN:38,(anonymous_17)
FNF:10
FNH:10
FNDA:2,(anonymous_8)
FNDA:2,(anonymous_9)
FNDA:2,(anonymous_10)
FNDA:2,(anonymous_11)
FNDA:2,(anonymous_12)
FNDA:2,(anonymous_13)
FNDA:1,(anonymous_14)
FNDA:1,(anonymous_15)
FNDA:1,(anonymous_16)
FNDA:1,(anonymous_17)
DA:1,2
DA:2,2
DA:3,2
DA:9,2
DA:10,2
DA:11,2
DA:12,1
DA:14,1
DA:18,2
DA:19,2
DA:20,2
DA:24,2
DA:25,2
DA:28,2
DA:32,2
DA:33,1
DA:34,1
DA:38,2
DA:39,1
DA:40,1
LF:20
LH:20
BRDA:11,0,0,1
BRF:1
BRH:1
end_of_record
TN:
SF:src\location\location.controller.ts
FN:6,(anonymous_7)
FN:6,(anonymous_8)
FN:24,(anonymous_9)
FN:24,(anonymous_10)
FN:34,(anonymous_11)
FN:34,(anonymous_12)
FN:51,(anonymous_13)
FN:51,(anonymous_14)
FN:66,(anonymous_15)
FN:66,(anonymous_16)
FNF:10
FNH:10
FNDA:3,(anonymous_7)
FNDA:3,(anonymous_8)
FNDA:2,(anonymous_9)
FNDA:2,(anonymous_10)
FNDA:4,(anonymous_11)
FNDA:4,(anonymous_12)
FNDA:3,(anonymous_13)
FNDA:3,(anonymous_14)
FNDA:4,(anonymous_15)
FNDA:4,(anonymous_16)
DA:2,1
DA:6,3
DA:7,3
DA:8,3
DA:9,3
DA:10,2
DA:11,1
DA:15,1
DA:19,1
DA:24,2
DA:25,2
DA:26,2
DA:27,1
DA:29,1
DA:34,4
DA:35,4
DA:36,4
DA:37,4
DA:38,1
DA:40,3
DA:41,2
DA:42,1
DA:44,1
DA:46,1
DA:51,3
DA:52,3
DA:53,3
DA:54,3
DA:55,1
DA:57,2
DA:58,2
DA:59,1
DA:61,1
DA:66,4
DA:67,4
DA:68,4
DA:69,4
DA:70,1
DA:73,3
DA:74,2
DA:75,1
DA:77,1
DA:78,1
DA:79,1
DA:82,1
LF:45
LH:45
BRDA:10,0,0,1
BRDA:10,0,1,1
BRDA:37,1,0,1
BRDA:41,2,0,1
BRDA:54,3,0,1
BRDA:69,4,0,1
BRDA:74,5,0,1
BRDA:78,6,0,1
BRF:8
BRH:8
end_of_record
TN:
SF:src\location\location.service.ts
FN:7,(anonymous_8)
FN:7,(anonymous_9)
FN:16,(anonymous_10)
FN:16,(anonymous_11)
FN:22,(anonymous_12)
FN:22,(anonymous_13)
FN:30,(anonymous_14)
FN:30,(anonymous_15)
FN:36,(anonymous_16)
FN:36,(anonymous_17)
FNF:10
FNH:10
FNDA:2,(anonymous_8)
FNDA:2,(anonymous_9)
FNDA:2,(anonymous_10)
FNDA:2,(anonymous_11)
FNDA:2,(anonymous_12)
FNDA:2,(anonymous_13)
FNDA:1,(anonymous_14)
FNDA:1,(anonymous_15)
FNDA:1,(anonymous_16)
FNDA:1,(anonymous_17)
DA:1,2
DA:2,2
DA:3,2
DA:7,2
DA:8,2
DA:9,2
DA:10,1
DA:12,1
DA:16,2
DA:17,2
DA:18,2
DA:22,2
DA:23,2
DA:26,2
DA:30,2
DA:31,1
DA:32,1
DA:36,2
DA:37,1
DA:38,1
LF:20
LH:20
BRDA:9,0,0,1
BRF:1
BRH:1
end_of_record
TN:
SF:src\maintenance\maintenance.controller.ts
FN:6,(anonymous_7)
FN:6,(anonymous_8)
FN:24,(anonymous_9)
FN:24,(anonymous_10)
FN:34,(anonymous_11)
FN:34,(anonymous_12)
FN:51,(anonymous_13)
FN:51,(anonymous_14)
FN:66,(anonymous_15)
FN:66,(anonymous_16)
FNF:10
FNH:10
FNDA:3,(anonymous_7)
FNDA:3,(anonymous_8)
FNDA:2,(anonymous_9)
FNDA:2,(anonymous_10)
FNDA:4,(anonymous_11)
FNDA:4,(anonymous_12)
FNDA:3,(anonymous_13)
FNDA:3,(anonymous_14)
FNDA:4,(anonymous_15)
FNDA:4,(anonymous_16)
DA:2,1
DA:6,3
DA:7,3
DA:8,3
DA:9,3
DA:10,2
DA:11,1
DA:15,1
DA:19,1
DA:24,2
DA:25,2
DA:26,2
DA:27,1
DA:29,1
DA:34,4
DA:35,4
DA:36,4
DA:37,4
DA:38,1
DA:40,3
DA:41,2
DA:42,1
DA:44,1
DA:46,1
DA:51,3
DA:52,3
DA:53,3
DA:54,3
DA:55,1
DA:57,2
DA:58,2
DA:59,1
DA:61,1
DA:66,4
DA:67,4
DA:68,4
DA:69,4
DA:70,1
DA:73,3
DA:74,2
DA:75,1
DA:77,1
DA:78,1
DA:79,1
DA:82,1
LF:45
LH:45
BRDA:10,0,0,1
BRDA:10,0,1,1
BRDA:37,1,0,1
BRDA:41,2,0,1
BRDA:54,3,0,1
BRDA:69,4,0,1
BRDA:74,5,0,1
BRDA:78,6,0,1
BRF:8
BRH:8
end_of_record
TN:
SF:src\maintenance\maintenance.service.ts
FN:7,(anonymous_8)
FN:7,(anonymous_9)
FN:16,(anonymous_10)
FN:16,(anonymous_11)
FN:22,(anonymous_12)
FN:22,(anonymous_13)
FN:30,(anonymous_14)
FN:30,(anonymous_15)
FN:36,(anonymous_16)
FN:36,(anonymous_17)
FNF:10
FNH:10
FNDA:2,(anonymous_8)
FNDA:2,(anonymous_9)
FNDA:2,(anonymous_10)
FNDA:2,(anonymous_11)
FNDA:2,(anonymous_12)
FNDA:2,(anonymous_13)
FNDA:1,(anonymous_14)
FNDA:1,(anonymous_15)
FNDA:1,(anonymous_16)
FNDA:1,(anonymous_17)
DA:1,2
DA:2,2
DA:3,2
DA:7,2
DA:8,2
DA:9,2
DA:10,1
DA:12,1
DA:16,2
DA:17,2
DA:18,2
DA:22,2
DA:23,2
DA:26,2
DA:30,2
DA:31,1
DA:32,1
DA:36,2
DA:37,1
DA:38,1
LF:20
LH:20
BRDA:9,0,0,1
BRF:1
BRH:1
end_of_record
TN:
SF:src\payment\payment.controller.ts
FN:6,(anonymous_7)
FN:6,(anonymous_8)
FN:24,(anonymous_9)
FN:24,(anonymous_10)
FN:34,(anonymous_11)
FN:34,(anonymous_12)
FN:51,(anonymous_13)
FN:51,(anonymous_14)
FN:66,(anonymous_15)
FN:66,(anonymous_16)
FNF:10
FNH:10
FNDA:3,(anonymous_7)
FNDA:3,(anonymous_8)
FNDA:2,(anonymous_9)
FNDA:2,(anonymous_10)
FNDA:4,(anonymous_11)
FNDA:4,(anonymous_12)
FNDA:3,(anonymous_13)
FNDA:3,(anonymous_14)
FNDA:4,(anonymous_15)
FNDA:4,(anonymous_16)
DA:2,1
DA:6,3
DA:7,3
DA:8,3
DA:9,3
DA:10,2
DA:11,1
DA:15,1
DA:19,1
DA:24,2
DA:25,2
DA:26,2
DA:27,1
DA:29,1
DA:34,4
DA:35,4
DA:36,4
DA:37,4
DA:38,1
DA:40,3
DA:41,2
DA:42,1
DA:44,1
DA:46,1
DA:51,3
DA:52,3
DA:53,3
DA:54,3
DA:55,1
DA:57,2
DA:58,2
DA:59,1
DA:61,1
DA:66,4
DA:67,4
DA:68,4
DA:69,4
DA:70,1
DA:73,3
DA:74,2
DA:75,1
DA:77,1
DA:78,1
DA:79,1
DA:82,1
LF:45
LH:45
BRDA:10,0,0,1
BRDA:10,0,1,1
BRDA:37,1,0,1
BRDA:41,2,0,1
BRDA:54,3,0,1
BRDA:69,4,0,1
BRDA:74,5,0,1
BRDA:78,6,0,1
BRF:8
BRH:8
end_of_record
TN:
SF:src\payment\payment.service.ts
FN:7,(anonymous_8)
FN:7,(anonymous_9)
FN:16,(anonymous_10)
FN:16,(anonymous_11)
FN:22,(anonymous_12)
FN:22,(anonymous_13)
FN:30,(anonymous_14)
FN:30,(anonymous_15)
FN:36,(anonymous_16)
FN:36,(anonymous_17)
FNF:10
FNH:10
FNDA:2,(anonymous_8)
FNDA:2,(anonymous_9)
FNDA:2,(anonymous_10)
FNDA:2,(anonymous_11)
FNDA:2,(anonymous_12)
FNDA:2,(anonymous_13)
FNDA:1,(anonymous_14)
FNDA:1,(anonymous_15)
FNDA:1,(anonymous_16)
FNDA:1,(anonymous_17)
DA:1,2
DA:2,2
DA:3,2
DA:7,2
DA:8,2
DA:9,2
DA:10,1
DA:12,1
DA:16,2
DA:17,2
DA:18,2
DA:22,2
DA:23,2
DA:26,2
DA:30,2
DA:31,1
DA:32,1
DA:36,2
DA:37,1
DA:38,1
LF:20
LH:20
BRDA:9,0,0,1
BRF:1
BRH:1
end_of_record
TN:
SF:src\reservations\reservation.controller.ts
FN:5,(anonymous_7)
FN:5,(anonymous_8)
FN:23,(anonymous_9)
FN:23,(anonymous_10)
FN:33,(anonymous_11)
FN:33,(anonymous_12)
FN:50,(anonymous_13)
FN:50,(anonymous_14)
FN:65,(anonymous_15)
FN:65,(anonymous_16)
FNF:10
FNH:10
FNDA:3,(anonymous_7)
FNDA:3,(anonymous_8)
FNDA:2,(anonymous_9)
FNDA:2,(anonymous_10)
FNDA:4,(anonymous_11)
FNDA:4,(anonymous_12)
FNDA:3,(anonymous_13)
FNDA:3,(anonymous_14)
FNDA:4,(anonymous_15)
FNDA:4,(anonymous_16)
DA:2,1
DA:5,3
DA:6,3
DA:7,3
DA:8,3
DA:9,2
DA:10,1
DA:14,1
DA:18,1
DA:23,2
DA:24,2
DA:25,2
DA:26,1
DA:28,1
DA:33,4
DA:34,4
DA:35,4
DA:36,4
DA:37,1
DA:39,3
DA:40,2
DA:41,1
DA:43,1
DA:45,1
DA:50,3
DA:51,3
DA:52,3
DA:53,3
DA:54,1
DA:56,2
DA:57,2
DA:58,1
DA:60,1
DA:65,4
DA:66,4
DA:67,4
DA:68,4
DA:69,1
DA:72,3
DA:73,2
DA:74,1
DA:76,1
DA:77,1
DA:78,1
DA:81,1
LF:45
LH:45
BRDA:9,0,0,1
BRDA:9,0,1,1
BRDA:36,1,0,1
BRDA:36,2,0,4
BRDA:36,2,1,3
BRDA:40,3,0,1
BRDA:53,4,0,1
BRDA:68,5,0,1
BRDA:73,6,0,1
BRDA:77,7,0,1
BRF:10
BRH:10
end_of_record
TN:
SF:src\reservations\reservation.service.ts
FN:7,(anonymous_8)
FN:7,(anonymous_9)
FN:17,(anonymous_10)
FN:17,(anonymous_11)
FN:23,(anonymous_12)
FN:23,(anonymous_13)
FN:31,(anonymous_14)
FN:31,(anonymous_15)
FN:37,(anonymous_16)
FN:37,(anonymous_17)
FNF:10
FNH:10
FNDA:2,(anonymous_8)
FNDA:2,(anonymous_9)
FNDA:2,(anonymous_10)
FNDA:2,(anonymous_11)
FNDA:2,(anonymous_12)
FNDA:2,(anonymous_13)
FNDA:1,(anonymous_14)
FNDA:1,(anonymous_15)
FNDA:1,(anonymous_16)
FNDA:1,(anonymous_17)
DA:1,2
DA:2,2
DA:3,2
DA:7,2
DA:8,2
DA:9,2
DA:10,1
DA:12,1
DA:17,2
DA:18,2
DA:19,2
DA:23,2
DA:24,2
DA:27,2
DA:31,2
DA:32,1
DA:33,1
DA:37,2
DA:38,1
DA:39,1
LF:20
LH:20
BRDA:9,0,0,1
BRF:1
BRH:1
end_of_record
